mode: atomic
github.com/jose/matrix-v2/cmd/matrix/agent.go:15.13,17.2 1 0
github.com/jose/matrix-v2/cmd/matrix/agent_doctor.go:15.47,17.21 2 0
github.com/jose/matrix-v2/cmd/matrix/agent_doctor.go:17.21,19.4 1 0
github.com/jose/matrix-v2/cmd/matrix/agent_doctor.go:21.3,22.17 2 0
github.com/jose/matrix-v2/cmd/matrix/agent_doctor.go:22.17,24.4 1 0
github.com/jose/matrix-v2/cmd/matrix/agent_doctor.go:25.3,28.19 3 0
github.com/jose/matrix-v2/cmd/matrix/agent_doctor.go:28.19,30.4 1 0
github.com/jose/matrix-v2/cmd/matrix/agent_doctor.go:32.3,33.26 2 0
github.com/jose/matrix-v2/cmd/matrix/agent_doctor.go:33.26,35.18 2 0
github.com/jose/matrix-v2/cmd/matrix/agent_doctor.go:35.18,37.5 1 0
github.com/jose/matrix-v2/cmd/matrix/agent_doctor.go:38.4,39.18 2 0
github.com/jose/matrix-v2/cmd/matrix/agent_doctor.go:39.18,41.5 1 0
github.com/jose/matrix-v2/cmd/matrix/agent_doctor.go:43.4,57.25 2 0
github.com/jose/matrix-v2/cmd/matrix/agent_doctor.go:57.25,58.51 1 0
github.com/jose/matrix-v2/cmd/matrix/agent_doctor.go:58.51,60.6 1 0
github.com/jose/matrix-v2/cmd/matrix/agent_doctor.go:60.11,60.63 1 0
github.com/jose/matrix-v2/cmd/matrix/agent_doctor.go:60.63,62.6 1 0
github.com/jose/matrix-v2/cmd/matrix/agent_doctor.go:65.4,66.23 2 0
github.com/jose/matrix-v2/cmd/matrix/agent_doctor.go:66.23,68.5 1 0
github.com/jose/matrix-v2/cmd/matrix/agent_doctor.go:69.4,69.25 1 0
github.com/jose/matrix-v2/cmd/matrix/agent_doctor.go:69.25,71.5 1 0
github.com/jose/matrix-v2/cmd/matrix/agent_doctor.go:72.4,72.25 1 0
github.com/jose/matrix-v2/cmd/matrix/agent_doctor.go:72.25,74.5 1 0
github.com/jose/matrix-v2/cmd/matrix/agent_doctor.go:75.4,77.33 2 0
github.com/jose/matrix-v2/cmd/matrix/agent_doctor.go:80.3,81.17 2 0
github.com/jose/matrix-v2/cmd/matrix/agent_doctor.go:81.17,83.4 1 0
github.com/jose/matrix-v2/cmd/matrix/agent_doctor.go:84.3,84.27 1 0
github.com/jose/matrix-v2/cmd/matrix/agent_doctor.go:88.13,90.2 1 0
github.com/jose/matrix-v2/cmd/matrix/agent_enable.go:14.47,18.17 3 0
github.com/jose/matrix-v2/cmd/matrix/agent_enable.go:18.17,20.4 1 0
github.com/jose/matrix-v2/cmd/matrix/agent_enable.go:21.3,24.17 3 0
github.com/jose/matrix-v2/cmd/matrix/agent_enable.go:24.17,26.4 1 0
github.com/jose/matrix-v2/cmd/matrix/agent_enable.go:27.3,29.69 3 0
github.com/jose/matrix-v2/cmd/matrix/agent_enable.go:29.69,31.4 1 0
github.com/jose/matrix-v2/cmd/matrix/agent_enable.go:32.3,32.61 1 0
github.com/jose/matrix-v2/cmd/matrix/agent_enable.go:40.47,44.17 3 0
github.com/jose/matrix-v2/cmd/matrix/agent_enable.go:44.17,46.4 1 0
github.com/jose/matrix-v2/cmd/matrix/agent_enable.go:47.3,50.17 3 0
github.com/jose/matrix-v2/cmd/matrix/agent_enable.go:50.17,52.4 1 0
github.com/jose/matrix-v2/cmd/matrix/agent_enable.go:53.3,55.69 3 0
github.com/jose/matrix-v2/cmd/matrix/agent_enable.go:55.69,57.4 1 0
github.com/jose/matrix-v2/cmd/matrix/agent_enable.go:58.3,58.62 1 0
github.com/jose/matrix-v2/cmd/matrix/agent_enable.go:62.13,65.2 2 0
github.com/jose/matrix-v2/cmd/matrix/agent_env.go:19.45,22.17 3 0
github.com/jose/matrix-v2/cmd/matrix/agent_env.go:22.17,24.4 1 0
github.com/jose/matrix-v2/cmd/matrix/agent_env.go:25.3,28.17 3 0
github.com/jose/matrix-v2/cmd/matrix/agent_env.go:28.17,30.4 1 0
github.com/jose/matrix-v2/cmd/matrix/agent_env.go:31.3,31.36 1 0
github.com/jose/matrix-v2/cmd/matrix/agent_env.go:31.36,33.4 1 0
github.com/jose/matrix-v2/cmd/matrix/agent_env.go:41.45,44.17 3 0
github.com/jose/matrix-v2/cmd/matrix/agent_env.go:44.17,46.4 1 0
github.com/jose/matrix-v2/cmd/matrix/agent_env.go:47.3,50.17 3 0
github.com/jose/matrix-v2/cmd/matrix/agent_env.go:50.17,52.4 1 0
github.com/jose/matrix-v2/cmd/matrix/agent_env.go:53.3,54.69 2 0
github.com/jose/matrix-v2/cmd/matrix/agent_env.go:54.69,56.4 1 0
github.com/jose/matrix-v2/cmd/matrix/agent_env.go:57.3,57.73 1 0
github.com/jose/matrix-v2/cmd/matrix/agent_env.go:65.45,68.17 3 0
github.com/jose/matrix-v2/cmd/matrix/agent_env.go:68.17,70.4 1 0
github.com/jose/matrix-v2/cmd/matrix/agent_env.go:71.3,74.17 3 0
github.com/jose/matrix-v2/cmd/matrix/agent_env.go:74.17,76.4 1 0
github.com/jose/matrix-v2/cmd/matrix/agent_env.go:77.3,78.69 2 0
github.com/jose/matrix-v2/cmd/matrix/agent_env.go:78.69,80.4 1 0
github.com/jose/matrix-v2/cmd/matrix/agent_env.go:81.3,81.75 1 0
github.com/jose/matrix-v2/cmd/matrix/agent_env.go:85.13,90.2 4 0
github.com/jose/matrix-v2/cmd/matrix/agent_helpers.go:5.48,7.2 1 0
github.com/jose/matrix-v2/cmd/matrix/agent_info.go:19.47,23.17 3 0
github.com/jose/matrix-v2/cmd/matrix/agent_info.go:23.17,26.4 2 0
github.com/jose/matrix-v2/cmd/matrix/agent_info.go:27.3,27.16 1 0
github.com/jose/matrix-v2/cmd/matrix/agent_info.go:27.16,27.40 1 0
github.com/jose/matrix-v2/cmd/matrix/agent_info.go:29.3,34.17 5 0
github.com/jose/matrix-v2/cmd/matrix/agent_info.go:34.17,37.4 2 0
github.com/jose/matrix-v2/cmd/matrix/agent_info.go:39.3,43.32 5 0
github.com/jose/matrix-v2/cmd/matrix/agent_info.go:43.32,45.4 1 0
github.com/jose/matrix-v2/cmd/matrix/agent_info.go:46.3,46.29 1 0
github.com/jose/matrix-v2/cmd/matrix/agent_info.go:46.29,48.4 1 0
github.com/jose/matrix-v2/cmd/matrix/agent_info.go:49.3,49.32 1 0
github.com/jose/matrix-v2/cmd/matrix/agent_info.go:49.32,51.4 1 0
github.com/jose/matrix-v2/cmd/matrix/agent_info.go:52.3,52.29 1 0
github.com/jose/matrix-v2/cmd/matrix/agent_info.go:52.29,54.4 1 0
github.com/jose/matrix-v2/cmd/matrix/agent_info.go:55.3,55.77 1 0
github.com/jose/matrix-v2/cmd/matrix/agent_info.go:59.13,61.2 1 0
github.com/jose/matrix-v2/cmd/matrix/agent_list.go:14.47,16.17 2 0
github.com/jose/matrix-v2/cmd/matrix/agent_list.go:16.17,18.4 1 0
github.com/jose/matrix-v2/cmd/matrix/agent_list.go:19.3,21.41 2 0
github.com/jose/matrix-v2/cmd/matrix/agent_list.go:21.41,23.18 2 0
github.com/jose/matrix-v2/cmd/matrix/agent_list.go:23.18,25.5 1 0
github.com/jose/matrix-v2/cmd/matrix/agent_list.go:26.4,27.22 2 0
github.com/jose/matrix-v2/cmd/matrix/agent_list.go:27.22,29.5 1 0
github.com/jose/matrix-v2/cmd/matrix/agent_list.go:31.4,33.22 3 0
github.com/jose/matrix-v2/cmd/matrix/agent_list.go:33.22,35.5 1 0
github.com/jose/matrix-v2/cmd/matrix/agent_list.go:37.4,37.65 1 0
github.com/jose/matrix-v2/cmd/matrix/agent_list.go:42.13,44.2 1 0
github.com/jose/matrix-v2/cmd/matrix/agent_override.go:20.47,22.17 2 0
github.com/jose/matrix-v2/cmd/matrix/agent_override.go:22.17,24.4 1 0
github.com/jose/matrix-v2/cmd/matrix/agent_override.go:25.3,28.17 3 0
github.com/jose/matrix-v2/cmd/matrix/agent_override.go:28.17,30.4 1 0
github.com/jose/matrix-v2/cmd/matrix/agent_override.go:31.3,31.26 1 0
github.com/jose/matrix-v2/cmd/matrix/agent_override.go:31.26,33.4 1 0
github.com/jose/matrix-v2/cmd/matrix/agent_override.go:41.47,44.17 3 0
github.com/jose/matrix-v2/cmd/matrix/agent_override.go:44.17,46.4 1 0
github.com/jose/matrix-v2/cmd/matrix/agent_override.go:47.3,50.17 3 0
github.com/jose/matrix-v2/cmd/matrix/agent_override.go:50.17,52.4 1 0
github.com/jose/matrix-v2/cmd/matrix/agent_override.go:53.3,57.17 2 0
github.com/jose/matrix-v2/cmd/matrix/agent_override.go:57.17,59.4 1 0
github.com/jose/matrix-v2/cmd/matrix/agent_override.go:60.3,60.27 1 0
github.com/jose/matrix-v2/cmd/matrix/agent_override.go:68.47,71.17 3 0
github.com/jose/matrix-v2/cmd/matrix/agent_override.go:71.17,73.4 1 0
github.com/jose/matrix-v2/cmd/matrix/agent_override.go:74.3,76.66 2 0
github.com/jose/matrix-v2/cmd/matrix/agent_override.go:76.66,78.4 1 0
github.com/jose/matrix-v2/cmd/matrix/agent_override.go:79.3,79.58 1 0
github.com/jose/matrix-v2/cmd/matrix/agent_override.go:83.13,88.2 4 0
github.com/jose/matrix-v2/cmd/matrix/agent_search.go:20.47,22.21 2 0
github.com/jose/matrix-v2/cmd/matrix/agent_search.go:22.21,24.4 1 0
github.com/jose/matrix-v2/cmd/matrix/agent_search.go:26.3,27.17 2 0
github.com/jose/matrix-v2/cmd/matrix/agent_search.go:27.17,30.4 2 0
github.com/jose/matrix-v2/cmd/matrix/agent_search.go:31.3,31.16 1 0
github.com/jose/matrix-v2/cmd/matrix/agent_search.go:31.16,31.40 1 0
github.com/jose/matrix-v2/cmd/matrix/agent_search.go:33.3,38.17 5 0
github.com/jose/matrix-v2/cmd/matrix/agent_search.go:38.17,41.4 2 0
github.com/jose/matrix-v2/cmd/matrix/agent_search.go:43.3,44.38 2 0
github.com/jose/matrix-v2/cmd/matrix/agent_search.go:44.38,45.50 1 0
github.com/jose/matrix-v2/cmd/matrix/agent_search.go:45.50,46.13 1 0
github.com/jose/matrix-v2/cmd/matrix/agent_search.go:48.4,49.13 2 0
github.com/jose/matrix-v2/cmd/matrix/agent_search.go:52.3,52.34 1 0
github.com/jose/matrix-v2/cmd/matrix/agent_search.go:52.34,54.4 1 0
github.com/jose/matrix-v2/cmd/matrix/agent_search.go:58.64,59.52 1 0
github.com/jose/matrix-v2/cmd/matrix/agent_search.go:59.52,61.3 1 0
github.com/jose/matrix-v2/cmd/matrix/agent_search.go:62.2,62.54 1 0
github.com/jose/matrix-v2/cmd/matrix/agent_search.go:62.54,64.3 1 0
github.com/jose/matrix-v2/cmd/matrix/agent_search.go:65.2,65.61 1 0
github.com/jose/matrix-v2/cmd/matrix/agent_search.go:65.61,67.3 1 0
github.com/jose/matrix-v2/cmd/matrix/agent_search.go:68.2,68.14 1 0
github.com/jose/matrix-v2/cmd/matrix/agent_search.go:71.13,73.2 1 0
github.com/jose/matrix-v2/cmd/matrix/agent_set_binary.go:21.47,26.48 3 0
github.com/jose/matrix-v2/cmd/matrix/agent_set_binary.go:26.48,29.4 2 0
github.com/jose/matrix-v2/cmd/matrix/agent_set_binary.go:32.3,33.17 2 0
github.com/jose/matrix-v2/cmd/matrix/agent_set_binary.go:33.17,36.4 2 0
github.com/jose/matrix-v2/cmd/matrix/agent_set_binary.go:37.3,37.16 1 0
github.com/jose/matrix-v2/cmd/matrix/agent_set_binary.go:37.16,37.40 1 0
github.com/jose/matrix-v2/cmd/matrix/agent_set_binary.go:40.3,41.17 2 0
github.com/jose/matrix-v2/cmd/matrix/agent_set_binary.go:41.17,44.4 2 0
github.com/jose/matrix-v2/cmd/matrix/agent_set_binary.go:47.3,50.30 2 0
github.com/jose/matrix-v2/cmd/matrix/agent_set_binary.go:50.30,52.4 1 0
github.com/jose/matrix-v2/cmd/matrix/agent_set_binary.go:52.9,52.41 1 0
github.com/jose/matrix-v2/cmd/matrix/agent_set_binary.go:52.41,54.4 1 0
github.com/jose/matrix-v2/cmd/matrix/agent_set_binary.go:57.3,57.34 1 0
github.com/jose/matrix-v2/cmd/matrix/agent_set_binary.go:57.34,59.36 2 0
github.com/jose/matrix-v2/cmd/matrix/agent_set_binary.go:59.36,60.16 1 0
github.com/jose/matrix-v2/cmd/matrix/agent_set_binary.go:60.16,62.6 1 0
github.com/jose/matrix-v2/cmd/matrix/agent_set_binary.go:64.4,64.32 1 0
github.com/jose/matrix-v2/cmd/matrix/agent_set_binary.go:65.9,65.38 1 0
github.com/jose/matrix-v2/cmd/matrix/agent_set_binary.go:65.38,67.4 1 0
github.com/jose/matrix-v2/cmd/matrix/agent_set_binary.go:70.3,70.70 1 0
github.com/jose/matrix-v2/cmd/matrix/agent_set_binary.go:70.70,73.4 2 0
github.com/jose/matrix-v2/cmd/matrix/agent_set_binary.go:75.3,75.139 1 0
github.com/jose/matrix-v2/cmd/matrix/agent_set_binary.go:79.13,83.2 3 0
github.com/jose/matrix-v2/cmd/matrix/agent_show.go:14.47,18.17 3 0
github.com/jose/matrix-v2/cmd/matrix/agent_show.go:18.17,20.4 1 0
github.com/jose/matrix-v2/cmd/matrix/agent_show.go:21.3,24.17 3 0
github.com/jose/matrix-v2/cmd/matrix/agent_show.go:24.17,26.4 1 0
github.com/jose/matrix-v2/cmd/matrix/agent_show.go:27.3,28.17 2 0
github.com/jose/matrix-v2/cmd/matrix/agent_show.go:28.17,30.4 1 0
github.com/jose/matrix-v2/cmd/matrix/agent_show.go:32.3,40.17 3 0
github.com/jose/matrix-v2/cmd/matrix/agent_show.go:40.17,42.4 1 0
github.com/jose/matrix-v2/cmd/matrix/agent_show.go:43.3,43.27 1 0
github.com/jose/matrix-v2/cmd/matrix/agent_show.go:47.13,49.2 1 0
github.com/jose/matrix-v2/cmd/matrix/app.go:44.67,46.16 2 0
github.com/jose/matrix-v2/cmd/matrix/app.go:46.16,48.3 1 0
github.com/jose/matrix-v2/cmd/matrix/app.go:49.2,49.20 1 0
github.com/jose/matrix-v2/cmd/matrix/app.go:49.20,49.44 1 0
github.com/jose/matrix-v2/cmd/matrix/app.go:50.2,59.17 3 0
github.com/jose/matrix-v2/cmd/matrix/app.go:63.75,65.16 2 0
github.com/jose/matrix-v2/cmd/matrix/app.go:65.16,67.3 1 0
github.com/jose/matrix-v2/cmd/matrix/app.go:68.2,68.20 1 0
github.com/jose/matrix-v2/cmd/matrix/app.go:68.20,68.44 1 0
github.com/jose/matrix-v2/cmd/matrix/app.go:69.2,78.17 3 0
github.com/jose/matrix-v2/cmd/matrix/app.go:82.71,84.16 2 0
github.com/jose/matrix-v2/cmd/matrix/app.go:84.16,86.3 1 0
github.com/jose/matrix-v2/cmd/matrix/app.go:87.2,87.20 1 0
github.com/jose/matrix-v2/cmd/matrix/app.go:87.20,87.44 1 0
github.com/jose/matrix-v2/cmd/matrix/app.go:88.2,90.16 3 0
github.com/jose/matrix-v2/cmd/matrix/app.go:90.16,93.3 2 0
github.com/jose/matrix-v2/cmd/matrix/app.go:94.2,99.17 1 0
github.com/jose/matrix-v2/cmd/matrix/app.go:103.76,105.16 2 0
github.com/jose/matrix-v2/cmd/matrix/app.go:105.16,107.3 1 0
github.com/jose/matrix-v2/cmd/matrix/app.go:108.2,108.20 1 0
github.com/jose/matrix-v2/cmd/matrix/app.go:108.20,108.44 1 0
github.com/jose/matrix-v2/cmd/matrix/app.go:109.2,111.16 3 0
github.com/jose/matrix-v2/cmd/matrix/app.go:111.16,114.3 2 0
github.com/jose/matrix-v2/cmd/matrix/app.go:115.2,120.17 1 0
github.com/jose/matrix-v2/cmd/matrix/app.go:124.79,126.16 2 0
github.com/jose/matrix-v2/cmd/matrix/app.go:126.16,128.3 1 0
github.com/jose/matrix-v2/cmd/matrix/app.go:129.2,129.20 1 0
github.com/jose/matrix-v2/cmd/matrix/app.go:129.20,129.44 1 0
github.com/jose/matrix-v2/cmd/matrix/app.go:130.2,139.16 3 0
github.com/jose/matrix-v2/cmd/matrix/app.go:139.16,142.3 2 0
github.com/jose/matrix-v2/cmd/matrix/app.go:143.2,147.17 1 0
github.com/jose/matrix-v2/cmd/matrix/app.go:151.73,153.16 2 0
github.com/jose/matrix-v2/cmd/matrix/app.go:153.16,155.3 1 0
github.com/jose/matrix-v2/cmd/matrix/app.go:157.2,162.103 4 0
github.com/jose/matrix-v2/cmd/matrix/app.go:162.103,165.3 2 0
github.com/jose/matrix-v2/cmd/matrix/app.go:167.2,168.16 2 0
github.com/jose/matrix-v2/cmd/matrix/app.go:168.16,171.3 2 0
github.com/jose/matrix-v2/cmd/matrix/app.go:173.2,185.16 5 0
github.com/jose/matrix-v2/cmd/matrix/app.go:185.16,188.3 2 0
github.com/jose/matrix-v2/cmd/matrix/app.go:190.2,190.21 1 0
github.com/jose/matrix-v2/cmd/matrix/app.go:190.21,192.3 1 0
github.com/jose/matrix-v2/cmd/matrix/app.go:194.2,203.18 1 0
github.com/jose/matrix-v2/cmd/matrix/app.go:219.48,222.2 2 0
github.com/jose/matrix-v2/cmd/matrix/bootstrap.go:18.44,20.17 2 0
github.com/jose/matrix-v2/cmd/matrix/bootstrap.go:20.17,22.4 1 0
github.com/jose/matrix-v2/cmd/matrix/bootstrap.go:23.3,26.17 3 0
github.com/jose/matrix-v2/cmd/matrix/bootstrap.go:26.17,28.4 1 0
github.com/jose/matrix-v2/cmd/matrix/bootstrap.go:29.3,29.56 1 0
github.com/jose/matrix-v2/cmd/matrix/bootstrap.go:29.56,31.4 1 0
github.com/jose/matrix-v2/cmd/matrix/bootstrap.go:35.13,38.2 2 0
github.com/jose/matrix-v2/cmd/matrix/channel.go:20.47,21.110 1 0
github.com/jose/matrix-v2/cmd/matrix/channel.go:21.110,23.4 1 0
github.com/jose/matrix-v2/cmd/matrix/channel.go:31.47,33.17 2 0
github.com/jose/matrix-v2/cmd/matrix/channel.go:33.17,35.4 1 0
github.com/jose/matrix-v2/cmd/matrix/channel.go:36.3,39.17 3 0
github.com/jose/matrix-v2/cmd/matrix/channel.go:39.17,41.4 1 0
github.com/jose/matrix-v2/cmd/matrix/channel.go:42.3,42.55 1 0
github.com/jose/matrix-v2/cmd/matrix/channel.go:42.55,44.4 1 0
github.com/jose/matrix-v2/cmd/matrix/channel.go:51.54,52.22 1 0
github.com/jose/matrix-v2/cmd/matrix/channel.go:52.22,54.4 1 0
github.com/jose/matrix-v2/cmd/matrix/channel.go:55.3,55.39 1 0
github.com/jose/matrix-v2/cmd/matrix/channel.go:57.47,59.17 2 0
github.com/jose/matrix-v2/cmd/matrix/channel.go:59.17,61.4 1 0
github.com/jose/matrix-v2/cmd/matrix/channel.go:62.3,65.22 3 0
github.com/jose/matrix-v2/cmd/matrix/channel.go:65.22,67.18 2 0
github.com/jose/matrix-v2/cmd/matrix/channel.go:67.18,69.5 1 0
github.com/jose/matrix-v2/cmd/matrix/channel.go:70.4,70.51 1 0
github.com/jose/matrix-v2/cmd/matrix/channel.go:71.9,73.4 1 0
github.com/jose/matrix-v2/cmd/matrix/channel.go:75.3,75.81 1 0
github.com/jose/matrix-v2/cmd/matrix/channel.go:75.81,77.4 1 0
github.com/jose/matrix-v2/cmd/matrix/channel.go:78.3,78.65 1 0
github.com/jose/matrix-v2/cmd/matrix/channel.go:78.65,80.4 1 0
github.com/jose/matrix-v2/cmd/matrix/channel.go:81.3,81.66 1 0
github.com/jose/matrix-v2/cmd/matrix/channel.go:89.47,91.17 2 0
github.com/jose/matrix-v2/cmd/matrix/channel.go:91.17,93.4 1 0
github.com/jose/matrix-v2/cmd/matrix/channel.go:94.3,95.77 2 0
github.com/jose/matrix-v2/cmd/matrix/channel.go:95.77,97.4 1 0
github.com/jose/matrix-v2/cmd/matrix/channel.go:98.3,98.62 1 0
github.com/jose/matrix-v2/cmd/matrix/channel.go:102.13,106.2 3 0
github.com/jose/matrix-v2/cmd/matrix/config.go:18.45,20.3 1 0
github.com/jose/matrix-v2/cmd/matrix/config.go:23.59,25.16 2 0
github.com/jose/matrix-v2/cmd/matrix/config.go:25.16,27.3 1 0
github.com/jose/matrix-v2/cmd/matrix/config.go:28.2,28.64 1 0
github.com/jose/matrix-v2/cmd/matrix/config.go:28.64,28.88 1 0
github.com/jose/matrix-v2/cmd/matrix/config.go:31.67,33.16 2 0
github.com/jose/matrix-v2/cmd/matrix/config.go:33.16,35.3 1 0
github.com/jose/matrix-v2/cmd/matrix/config.go:36.2,36.64 1 0
github.com/jose/matrix-v2/cmd/matrix/config.go:36.64,36.88 1 0
github.com/jose/matrix-v2/cmd/matrix/config.go:39.41,40.59 1 0
github.com/jose/matrix-v2/cmd/matrix/config.go:40.59,42.3 1 0
github.com/jose/matrix-v2/cmd/matrix/config.go:45.13,47.2 1 0
github.com/jose/matrix-v2/cmd/matrix/config_delete.go:13.47,17.17 3 0
github.com/jose/matrix-v2/cmd/matrix/config_delete.go:17.17,19.4 1 0
github.com/jose/matrix-v2/cmd/matrix/config_delete.go:20.3,22.45 2 0
github.com/jose/matrix-v2/cmd/matrix/config_delete.go:22.45,24.4 1 0
github.com/jose/matrix-v2/cmd/matrix/config_delete.go:25.3,25.49 1 0
github.com/jose/matrix-v2/cmd/matrix/config_delete.go:29.13,31.2 1 0
github.com/jose/matrix-v2/cmd/matrix/config_get.go:16.47,20.17 3 0
github.com/jose/matrix-v2/cmd/matrix/config_get.go:20.17,22.4 1 0
github.com/jose/matrix-v2/cmd/matrix/config_get.go:23.3,26.17 3 0
github.com/jose/matrix-v2/cmd/matrix/config_get.go:26.17,28.4 1 0
github.com/jose/matrix-v2/cmd/matrix/config_get.go:29.3,29.16 1 0
github.com/jose/matrix-v2/cmd/matrix/config_get.go:29.16,32.4 2 0
github.com/jose/matrix-v2/cmd/matrix/config_get.go:33.3,33.19 1 0
github.com/jose/matrix-v2/cmd/matrix/config_get.go:37.13,39.2 1 0
github.com/jose/matrix-v2/cmd/matrix/config_list.go:16.47,18.17 2 0
github.com/jose/matrix-v2/cmd/matrix/config_list.go:18.17,20.4 1 0
github.com/jose/matrix-v2/cmd/matrix/config_list.go:21.3,24.17 3 0
github.com/jose/matrix-v2/cmd/matrix/config_list.go:24.17,26.4 1 0
github.com/jose/matrix-v2/cmd/matrix/config_list.go:27.3,27.21 1 0
github.com/jose/matrix-v2/cmd/matrix/config_list.go:27.21,30.4 2 0
github.com/jose/matrix-v2/cmd/matrix/config_list.go:31.3,31.26 1 0
github.com/jose/matrix-v2/cmd/matrix/config_list.go:31.26,32.40 1 0
github.com/jose/matrix-v2/cmd/matrix/config_list.go:32.40,33.13 1 0
github.com/jose/matrix-v2/cmd/matrix/config_list.go:35.4,35.18 1 0
github.com/jose/matrix-v2/cmd/matrix/config_list.go:40.13,42.2 1 0
github.com/jose/matrix-v2/cmd/matrix/config_set.go:13.47,17.17 3 0
github.com/jose/matrix-v2/cmd/matrix/config_set.go:17.17,19.4 1 0
github.com/jose/matrix-v2/cmd/matrix/config_set.go:20.3,22.51 2 0
github.com/jose/matrix-v2/cmd/matrix/config_set.go:22.51,24.4 1 0
github.com/jose/matrix-v2/cmd/matrix/config_set.go:25.3,25.55 1 0
github.com/jose/matrix-v2/cmd/matrix/config_set.go:29.13,31.2 1 0
github.com/jose/matrix-v2/cmd/matrix/doctor.go:12.47,14.17 2 0
github.com/jose/matrix-v2/cmd/matrix/doctor.go:14.17,16.4 1 0
github.com/jose/matrix-v2/cmd/matrix/doctor.go:17.3,18.17 2 0
github.com/jose/matrix-v2/cmd/matrix/doctor.go:18.17,20.4 1 0
github.com/jose/matrix-v2/cmd/matrix/doctor.go:22.3,27.56 2 0
github.com/jose/matrix-v2/cmd/matrix/doctor.go:27.56,29.4 1 0
github.com/jose/matrix-v2/cmd/matrix/doctor.go:33.13,35.2 1 0
github.com/jose/matrix-v2/cmd/matrix/fuse.go:10.13,12.2 1 0
github.com/jose/matrix-v2/cmd/matrix/fuse_mount.go:17.45,22.49 4 0
github.com/jose/matrix-v2/cmd/matrix/fuse_mount.go:22.49,25.4 2 0
github.com/jose/matrix-v2/cmd/matrix/fuse_mount.go:27.3,35.48 6 0
github.com/jose/matrix-v2/cmd/matrix/fuse_mount.go:35.48,38.4 2 0
github.com/jose/matrix-v2/cmd/matrix/fuse_mount.go:42.13,44.2 1 0
github.com/jose/matrix-v2/cmd/matrix/install.go:19.47,24.17 3 0
github.com/jose/matrix-v2/cmd/matrix/install.go:24.17,27.4 2 0
github.com/jose/matrix-v2/cmd/matrix/install.go:28.3,28.16 1 0
github.com/jose/matrix-v2/cmd/matrix/install.go:28.16,28.40 1 0
github.com/jose/matrix-v2/cmd/matrix/install.go:30.3,42.17 5 0
github.com/jose/matrix-v2/cmd/matrix/install.go:42.17,45.4 2 0
github.com/jose/matrix-v2/cmd/matrix/install.go:48.3,49.57 2 0
github.com/jose/matrix-v2/cmd/matrix/install.go:49.57,52.4 2 0
github.com/jose/matrix-v2/cmd/matrix/install.go:54.3,54.76 1 0
github.com/jose/matrix-v2/cmd/matrix/install.go:58.13,60.2 1 0
github.com/jose/matrix-v2/cmd/matrix/logs.go:10.13,12.2 1 0
github.com/jose/matrix-v2/cmd/matrix/logs_doctor.go:12.47,14.17 2 0
github.com/jose/matrix-v2/cmd/matrix/logs_doctor.go:14.17,16.4 1 0
github.com/jose/matrix-v2/cmd/matrix/logs_doctor.go:18.3,18.56 1 0
github.com/jose/matrix-v2/cmd/matrix/logs_doctor.go:18.56,20.4 1 0
github.com/jose/matrix-v2/cmd/matrix/logs_doctor.go:24.13,26.2 1 0
github.com/jose/matrix-v2/cmd/matrix/logs_helpers.go:15.59,17.16 2 0
github.com/jose/matrix-v2/cmd/matrix/logs_helpers.go:17.16,19.3 1 0
github.com/jose/matrix-v2/cmd/matrix/logs_helpers.go:20.2,21.16 2 0
github.com/jose/matrix-v2/cmd/matrix/logs_helpers.go:21.16,24.3 2 0
github.com/jose/matrix-v2/cmd/matrix/logs_helpers.go:25.2,25.26 1 0
github.com/jose/matrix-v2/cmd/matrix/logs_helpers.go:28.70,30.16 2 0
github.com/jose/matrix-v2/cmd/matrix/logs_helpers.go:30.16,32.3 1 0
github.com/jose/matrix-v2/cmd/matrix/logs_helpers.go:34.2,42.26 2 0
github.com/jose/matrix-v2/cmd/matrix/logs_helpers.go:42.27,42.28 0 0
github.com/jose/matrix-v2/cmd/matrix/logs_helpers.go:45.54,49.2 3 0
github.com/jose/matrix-v2/cmd/matrix/logs_helpers.go:51.57,57.16 5 0
github.com/jose/matrix-v2/cmd/matrix/logs_helpers.go:57.16,65.3 1 0
github.com/jose/matrix-v2/cmd/matrix/logs_helpers.go:67.2,69.16 3 0
github.com/jose/matrix-v2/cmd/matrix/logs_helpers.go:69.16,78.3 2 0
github.com/jose/matrix-v2/cmd/matrix/logs_helpers.go:80.2,96.4 1 0
github.com/jose/matrix-v2/cmd/matrix/logs_show_config.go:13.44,15.17 2 0
github.com/jose/matrix-v2/cmd/matrix/logs_show_config.go:15.17,17.4 1 0
github.com/jose/matrix-v2/cmd/matrix/logs_show_config.go:18.3,32.17 4 0
github.com/jose/matrix-v2/cmd/matrix/logs_show_config.go:32.17,34.4 1 0
github.com/jose/matrix-v2/cmd/matrix/logs_show_config.go:35.3,35.28 1 0
github.com/jose/matrix-v2/cmd/matrix/logs_show_config.go:39.13,41.2 1 0
github.com/jose/matrix-v2/cmd/matrix/logs_tail.go:16.44,18.17 2 0
github.com/jose/matrix-v2/cmd/matrix/logs_tail.go:18.17,20.4 1 0
github.com/jose/matrix-v2/cmd/matrix/logs_tail.go:21.3,25.17 4 0
github.com/jose/matrix-v2/cmd/matrix/logs_tail.go:25.17,27.4 1 0
github.com/jose/matrix-v2/cmd/matrix/logs_tail.go:29.3,29.30 1 0
github.com/jose/matrix-v2/cmd/matrix/logs_tail.go:29.30,31.4 1 0
github.com/jose/matrix-v2/cmd/matrix/logs_tail.go:33.3,33.22 1 0
github.com/jose/matrix-v2/cmd/matrix/logs_tail.go:33.22,35.4 1 0
github.com/jose/matrix-v2/cmd/matrix/logs_tail.go:37.3,38.17 2 0
github.com/jose/matrix-v2/cmd/matrix/logs_tail.go:38.17,40.4 1 0
github.com/jose/matrix-v2/cmd/matrix/logs_tail.go:42.3,42.90 1 0
github.com/jose/matrix-v2/cmd/matrix/logs_tail.go:42.90,44.4 1 0
github.com/jose/matrix-v2/cmd/matrix/logs_tail.go:44.18,46.4 1 0
github.com/jose/matrix-v2/cmd/matrix/logs_tail.go:50.13,54.2 3 0
github.com/jose/matrix-v2/cmd/matrix/main.go:3.13,5.2 1 0
github.com/jose/matrix-v2/cmd/matrix/root.go:13.47,15.3 1 0
github.com/jose/matrix-v2/cmd/matrix/root.go:19.16,20.42 1 0
github.com/jose/matrix-v2/cmd/matrix/root.go:20.42,23.3 2 0
github.com/jose/matrix-v2/cmd/matrix/run.go:30.47,35.17 4 0
github.com/jose/matrix-v2/cmd/matrix/run.go:35.17,37.4 1 0
github.com/jose/matrix-v2/cmd/matrix/run.go:38.3,42.17 3 0
github.com/jose/matrix-v2/cmd/matrix/run.go:42.17,44.4 1 0
github.com/jose/matrix-v2/cmd/matrix/run.go:45.3,45.16 1 0
github.com/jose/matrix-v2/cmd/matrix/run.go:45.16,46.45 1 0
github.com/jose/matrix-v2/cmd/matrix/run.go:46.45,48.5 1 0
github.com/jose/matrix-v2/cmd/matrix/run.go:50.3,54.52 3 0
github.com/jose/matrix-v2/cmd/matrix/run.go:54.52,56.4 1 0
github.com/jose/matrix-v2/cmd/matrix/run.go:59.3,72.40 5 0
github.com/jose/matrix-v2/cmd/matrix/run.go:72.40,74.4 1 0
github.com/jose/matrix-v2/cmd/matrix/run.go:75.3,76.17 2 0
github.com/jose/matrix-v2/cmd/matrix/run.go:76.17,79.4 2 0
github.com/jose/matrix-v2/cmd/matrix/run.go:80.3,84.77 5 0
github.com/jose/matrix-v2/cmd/matrix/run.go:84.77,86.4 1 0
github.com/jose/matrix-v2/cmd/matrix/run.go:87.3,87.76 1 0
github.com/jose/matrix-v2/cmd/matrix/run.go:87.76,89.4 1 0
github.com/jose/matrix-v2/cmd/matrix/run.go:92.3,97.77 4 0
github.com/jose/matrix-v2/cmd/matrix/run.go:97.77,100.4 2 0
github.com/jose/matrix-v2/cmd/matrix/run.go:101.3,103.83 3 0
github.com/jose/matrix-v2/cmd/matrix/run.go:103.83,114.18 2 0
github.com/jose/matrix-v2/cmd/matrix/run.go:114.18,117.5 2 0
github.com/jose/matrix-v2/cmd/matrix/run.go:118.4,119.60 2 0
github.com/jose/matrix-v2/cmd/matrix/run.go:119.60,121.5 1 0
github.com/jose/matrix-v2/cmd/matrix/run.go:125.3,126.92 2 0
github.com/jose/matrix-v2/cmd/matrix/run.go:126.92,129.4 2 0
github.com/jose/matrix-v2/cmd/matrix/run.go:132.3,133.55 2 0
github.com/jose/matrix-v2/cmd/matrix/run.go:133.55,136.18 3 0
github.com/jose/matrix-v2/cmd/matrix/run.go:136.18,138.5 1 0
github.com/jose/matrix-v2/cmd/matrix/run.go:138.10,139.15 1 0
github.com/jose/matrix-v2/cmd/matrix/run.go:139.15,140.45 1 0
github.com/jose/matrix-v2/cmd/matrix/run.go:140.45,142.7 1 0
github.com/jose/matrix-v2/cmd/matrix/run.go:148.3,149.13 2 0
github.com/jose/matrix-v2/cmd/matrix/run.go:149.13,151.71 2 0
github.com/jose/matrix-v2/cmd/matrix/run.go:151.71,153.5 1 0
github.com/jose/matrix-v2/cmd/matrix/run.go:157.3,157.13 1 0
github.com/jose/matrix-v2/cmd/matrix/run.go:157.13,163.59 6 0
github.com/jose/matrix-v2/cmd/matrix/run.go:163.59,165.5 1 0
github.com/jose/matrix-v2/cmd/matrix/run.go:169.3,170.53 2 0
github.com/jose/matrix-v2/cmd/matrix/run.go:170.53,174.4 3 0
github.com/jose/matrix-v2/cmd/matrix/run.go:175.3,176.11 2 0
github.com/jose/matrix-v2/cmd/matrix/run.go:180.13,182.2 1 0
github.com/jose/matrix-v2/cmd/matrix/session.go:15.13,17.2 1 0
github.com/jose/matrix-v2/cmd/matrix/session_attach.go:16.45,21.17 4 0
github.com/jose/matrix-v2/cmd/matrix/session_attach.go:21.17,24.4 2 0
github.com/jose/matrix-v2/cmd/matrix/session_attach.go:25.3,25.16 1 0
github.com/jose/matrix-v2/cmd/matrix/session_attach.go:25.16,25.40 1 0
github.com/jose/matrix-v2/cmd/matrix/session_attach.go:27.3,29.17 3 0
github.com/jose/matrix-v2/cmd/matrix/session_attach.go:29.17,32.4 2 0
github.com/jose/matrix-v2/cmd/matrix/session_attach.go:34.3,34.72 1 0
github.com/jose/matrix-v2/cmd/matrix/session_attach.go:38.13,40.2 1 0
github.com/jose/matrix-v2/cmd/matrix/signal.go:10.60,12.2 1 0
github.com/jose/matrix-v2/cmd/matrix/uninstall.go:19.47,24.17 3 0
github.com/jose/matrix-v2/cmd/matrix/uninstall.go:24.17,27.4 2 0
github.com/jose/matrix-v2/cmd/matrix/uninstall.go:28.3,28.16 1 0
github.com/jose/matrix-v2/cmd/matrix/uninstall.go:28.16,28.40 1 0
github.com/jose/matrix-v2/cmd/matrix/uninstall.go:30.3,42.17 5 0
github.com/jose/matrix-v2/cmd/matrix/uninstall.go:42.17,45.4 2 0
github.com/jose/matrix-v2/cmd/matrix/uninstall.go:48.3,49.59 2 0
github.com/jose/matrix-v2/cmd/matrix/uninstall.go:49.59,52.4 2 0
github.com/jose/matrix-v2/cmd/matrix/uninstall.go:54.3,54.62 1 0
github.com/jose/matrix-v2/cmd/matrix/uninstall.go:58.13,60.2 1 0
github.com/jose/matrix-v2/cmd/matrix/vault.go:12.47,14.3 1 0
github.com/jose/matrix-v2/cmd/matrix/vault.go:17.13,19.2 1 0
github.com/jose/matrix-v2/cmd/matrix/vault_backup.go:17.47,19.17 2 0
github.com/jose/matrix-v2/cmd/matrix/vault_backup.go:19.17,21.4 1 0
github.com/jose/matrix-v2/cmd/matrix/vault_backup.go:22.3,22.20 1 0
github.com/jose/matrix-v2/cmd/matrix/vault_backup.go:26.13,29.2 2 0
github.com/jose/matrix-v2/cmd/matrix/vault_doctor.go:15.47,17.17 2 0
github.com/jose/matrix-v2/cmd/matrix/vault_doctor.go:17.17,19.4 1 0
github.com/jose/matrix-v2/cmd/matrix/vault_doctor.go:20.3,21.17 2 0
github.com/jose/matrix-v2/cmd/matrix/vault_doctor.go:21.17,23.4 1 0
github.com/jose/matrix-v2/cmd/matrix/vault_doctor.go:24.3,24.28 1 0
github.com/jose/matrix-v2/cmd/matrix/vault_doctor.go:28.13,30.2 1 0
github.com/jose/matrix-v2/cmd/matrix/vault_get.go:16.47,18.17 2 0
github.com/jose/matrix-v2/cmd/matrix/vault_get.go:18.17,20.4 1 0
github.com/jose/matrix-v2/cmd/matrix/vault_get.go:21.3,21.16 1 0
github.com/jose/matrix-v2/cmd/matrix/vault_get.go:21.16,21.40 1 0
github.com/jose/matrix-v2/cmd/matrix/vault_get.go:23.3,25.17 3 0
github.com/jose/matrix-v2/cmd/matrix/vault_get.go:25.17,27.4 1 0
github.com/jose/matrix-v2/cmd/matrix/vault_get.go:28.3,28.16 1 0
github.com/jose/matrix-v2/cmd/matrix/vault_get.go:28.16,30.4 1 0
github.com/jose/matrix-v2/cmd/matrix/vault_get.go:31.3,31.57 1 0
github.com/jose/matrix-v2/cmd/matrix/vault_get.go:31.57,34.4 2 0
github.com/jose/matrix-v2/cmd/matrix/vault_get.go:35.3,35.19 1 0
github.com/jose/matrix-v2/cmd/matrix/vault_get.go:39.13,42.2 2 0
github.com/jose/matrix-v2/cmd/matrix/vault_restore.go:19.47,21.105 2 0
github.com/jose/matrix-v2/cmd/matrix/vault_restore.go:21.105,23.4 1 0
github.com/jose/matrix-v2/cmd/matrix/vault_restore.go:24.3,26.17 3 0
github.com/jose/matrix-v2/cmd/matrix/vault_restore.go:26.17,28.4 1 0
github.com/jose/matrix-v2/cmd/matrix/vault_restore.go:29.3,29.22 1 0
github.com/jose/matrix-v2/cmd/matrix/vault_restore.go:29.22,32.4 2 0
github.com/jose/matrix-v2/cmd/matrix/vault_restore.go:33.3,33.42 1 0
github.com/jose/matrix-v2/cmd/matrix/vault_restore.go:37.13,40.2 2 0
github.com/jose/matrix-v2/cmd/matrix/vault_seal.go:14.47,16.17 2 0
github.com/jose/matrix-v2/cmd/matrix/vault_seal.go:16.17,18.4 1 0
github.com/jose/matrix-v2/cmd/matrix/vault_seal.go:19.3,19.25 1 0
github.com/jose/matrix-v2/cmd/matrix/vault_seal.go:19.25,21.4 1 0
github.com/jose/matrix-v2/cmd/matrix/vault_seal.go:23.3,24.17 2 0
github.com/jose/matrix-v2/cmd/matrix/vault_seal.go:24.17,26.4 1 0
github.com/jose/matrix-v2/cmd/matrix/vault_seal.go:27.3,27.16 1 0
github.com/jose/matrix-v2/cmd/matrix/vault_seal.go:27.16,27.40 1 0
github.com/jose/matrix-v2/cmd/matrix/vault_seal.go:29.3,30.17 2 0
github.com/jose/matrix-v2/cmd/matrix/vault_seal.go:30.17,32.4 1 0
github.com/jose/matrix-v2/cmd/matrix/vault_seal.go:33.3,33.76 1 0
github.com/jose/matrix-v2/cmd/matrix/vault_seal.go:37.13,39.2 1 0
github.com/jose/matrix-v2/cmd/matrix/vault_set.go:18.54,19.20 1 0
github.com/jose/matrix-v2/cmd/matrix/vault_set.go:19.20,21.4 1 0
github.com/jose/matrix-v2/cmd/matrix/vault_set.go:22.3,22.39 1 0
github.com/jose/matrix-v2/cmd/matrix/vault_set.go:24.47,26.17 2 0
github.com/jose/matrix-v2/cmd/matrix/vault_set.go:26.17,28.4 1 0
github.com/jose/matrix-v2/cmd/matrix/vault_set.go:29.3,29.16 1 0
github.com/jose/matrix-v2/cmd/matrix/vault_set.go:29.16,29.40 1 0
github.com/jose/matrix-v2/cmd/matrix/vault_set.go:31.3,33.20 3 0
github.com/jose/matrix-v2/cmd/matrix/vault_set.go:33.20,35.18 2 0
github.com/jose/matrix-v2/cmd/matrix/vault_set.go:35.18,37.5 1 0
github.com/jose/matrix-v2/cmd/matrix/vault_set.go:38.4,38.51 1 0
github.com/jose/matrix-v2/cmd/matrix/vault_set.go:39.9,41.4 1 0
github.com/jose/matrix-v2/cmd/matrix/vault_set.go:42.3,43.17 2 0
github.com/jose/matrix-v2/cmd/matrix/vault_set.go:43.17,45.4 1 0
github.com/jose/matrix-v2/cmd/matrix/vault_set.go:46.3,46.38 1 0
github.com/jose/matrix-v2/cmd/matrix/vault_set.go:46.38,49.4 2 0
github.com/jose/matrix-v2/cmd/matrix/vault_set.go:50.3,50.47 1 0
github.com/jose/matrix-v2/cmd/matrix/vault_set.go:54.13,57.2 2 0
github.com/jose/matrix-v2/cmd/mock-agent/main.go:26.13,28.21 2 0
github.com/jose/matrix-v2/cmd/mock-agent/main.go:28.21,31.52 3 0
github.com/jose/matrix-v2/cmd/mock-agent/main.go:31.52,32.12 1 0
github.com/jose/matrix-v2/cmd/mock-agent/main.go:35.3,40.21 2 0
github.com/jose/matrix-v2/cmd/mock-agent/main.go:41.21,42.67 1 0
github.com/jose/matrix-v2/cmd/mock-agent/main.go:43.22,47.62 2 0
github.com/jose/matrix-v2/cmd/mock-agent/main.go:47.62,48.13 1 0
github.com/jose/matrix-v2/cmd/mock-agent/main.go:55.4,55.69 1 0
github.com/jose/matrix-v2/cmd/mock-agent/main.go:57.25,64.62 2 0
github.com/jose/matrix-v2/cmd/mock-agent/main.go:64.62,65.13 1 0
github.com/jose/matrix-v2/cmd/mock-agent/main.go:69.4,70.36 2 0
github.com/jose/matrix-v2/cmd/mock-agent/main.go:70.36,71.38 1 0
github.com/jose/matrix-v2/cmd/mock-agent/main.go:71.38,73.11 2 0
github.com/jose/matrix-v2/cmd/mock-agent/main.go:77.4,77.20 1 0
github.com/jose/matrix-v2/cmd/mock-agent/main.go:77.20,89.23 4 0
github.com/jose/matrix-v2/cmd/mock-agent/main.go:89.23,91.85 2 0
github.com/jose/matrix-v2/cmd/mock-agent/main.go:91.85,112.7 6 0
github.com/jose/matrix-v2/cmd/mock-agent/main.go:114.10,122.19 3 0
github.com/jose/matrix-v2/cmd/mock-agent/main.go:122.19,123.14 1 0
github.com/jose/matrix-v2/cmd/mock-agent/main.go:125.5,125.32 1 0
github.com/jose/matrix-v2/cmd/mock-agent/main.go:128.4,128.63 1 0
github.com/jose/matrix-v2/cmd/mock-agent/main.go:131.3,132.17 2 0
github.com/jose/matrix-v2/cmd/mock-agent/main.go:132.17,133.12 1 0
github.com/jose/matrix-v2/cmd/mock-agent/main.go:135.3,135.30 1 0
github.com/jose/matrix-v2/cmd/mock-agent/main.go:139.28,141.2 1 0
github.com/jose/matrix-v2/internal/logic/agentmgr/installer.go:35.60,36.23 1 0
github.com/jose/matrix-v2/internal/logic/agentmgr/installer.go:36.23,38.17 2 0
github.com/jose/matrix-v2/internal/logic/agentmgr/installer.go:38.17,40.4 1 0
github.com/jose/matrix-v2/internal/logic/agentmgr/installer.go:41.3,41.57 1 0
github.com/jose/matrix-v2/internal/logic/agentmgr/installer.go:43.2,50.8 1 0
github.com/jose/matrix-v2/internal/logic/agentmgr/installer.go:54.57,56.2 1 0
github.com/jose/matrix-v2/internal/logic/agentmgr/installer.go:60.75,63.16 2 0
github.com/jose/matrix-v2/internal/logic/agentmgr/installer.go:63.16,65.3 1 0
github.com/jose/matrix-v2/internal/logic/agentmgr/installer.go:68.2,69.16 2 0
github.com/jose/matrix-v2/internal/logic/agentmgr/installer.go:69.16,71.3 1 0
github.com/jose/matrix-v2/internal/logic/agentmgr/installer.go:74.2,76.23 2 0
github.com/jose/matrix-v2/internal/logic/agentmgr/installer.go:77.16,79.17 2 0
github.com/jose/matrix-v2/internal/logic/agentmgr/installer.go:79.17,81.4 1 0
github.com/jose/matrix-v2/internal/logic/agentmgr/installer.go:82.3,85.4 1 0
github.com/jose/matrix-v2/internal/logic/agentmgr/installer.go:86.20,93.4 2 0
github.com/jose/matrix-v2/internal/logic/agentmgr/installer.go:94.10,95.72 1 0
github.com/jose/matrix-v2/internal/logic/agentmgr/installer.go:99.2,100.73 2 0
github.com/jose/matrix-v2/internal/logic/agentmgr/installer.go:100.73,102.3 1 0
github.com/jose/matrix-v2/internal/logic/agentmgr/installer.go:105.2,117.55 2 0
github.com/jose/matrix-v2/internal/logic/agentmgr/installer.go:121.100,123.16 2 0
github.com/jose/matrix-v2/internal/logic/agentmgr/installer.go:123.16,125.3 1 0
github.com/jose/matrix-v2/internal/logic/agentmgr/installer.go:127.2,133.70 5 0
github.com/jose/matrix-v2/internal/logic/agentmgr/installer.go:133.70,135.3 1 0
github.com/jose/matrix-v2/internal/logic/agentmgr/installer.go:136.2,136.15 1 0
github.com/jose/matrix-v2/internal/logic/agentmgr/installer.go:136.15,136.49 1 0
github.com/jose/matrix-v2/internal/logic/agentmgr/installer.go:138.2,139.57 2 0
github.com/jose/matrix-v2/internal/logic/agentmgr/installer.go:139.57,141.3 1 0
github.com/jose/matrix-v2/internal/logic/agentmgr/installer.go:142.2,142.64 1 0
github.com/jose/matrix-v2/internal/logic/agentmgr/installer.go:142.64,144.3 1 0
github.com/jose/matrix-v2/internal/logic/agentmgr/installer.go:146.2,147.85 2 0
github.com/jose/matrix-v2/internal/logic/agentmgr/installer.go:147.85,149.3 1 0
github.com/jose/matrix-v2/internal/logic/agentmgr/installer.go:151.2,151.24 1 0
github.com/jose/matrix-v2/internal/logic/agentmgr/installer.go:155.75,158.50 2 0
github.com/jose/matrix-v2/internal/logic/agentmgr/installer.go:158.50,160.53 2 0
github.com/jose/matrix-v2/internal/logic/agentmgr/installer.go:160.53,162.4 1 0
github.com/jose/matrix-v2/internal/logic/agentmgr/installer.go:166.2,167.68 2 0
github.com/jose/matrix-v2/internal/logic/agentmgr/installer.go:167.68,169.3 1 0
github.com/jose/matrix-v2/internal/logic/agentmgr/installer.go:170.2,170.67 1 0
github.com/jose/matrix-v2/internal/logic/agentmgr/installer.go:170.67,172.3 1 0
github.com/jose/matrix-v2/internal/logic/agentmgr/installer.go:173.2,173.12 1 0
github.com/jose/matrix-v2/internal/logic/agentmgr/installer.go:178.36,180.98 2 0
github.com/jose/matrix-v2/internal/logic/agentmgr/installer.go:180.98,181.36 1 0
github.com/jose/matrix-v2/internal/logic/agentmgr/installer.go:181.36,183.4 1 0
github.com/jose/matrix-v2/internal/logic/agentmgr/installer.go:185.2,185.26 1 0
github.com/jose/matrix-v2/internal/logic/agentmgr/registry.go:25.38,27.2 1 0
github.com/jose/matrix-v2/internal/logic/agentmgr/registry.go:35.90,37.16 2 0
github.com/jose/matrix-v2/internal/logic/agentmgr/registry.go:37.16,39.3 1 0
github.com/jose/matrix-v2/internal/logic/agentmgr/registry.go:41.2,42.25 2 0
github.com/jose/matrix-v2/internal/logic/agentmgr/registry.go:42.25,44.17 2 0
github.com/jose/matrix-v2/internal/logic/agentmgr/registry.go:44.17,46.4 1 0
github.com/jose/matrix-v2/internal/logic/agentmgr/registry.go:49.3,60.35 2 0
github.com/jose/matrix-v2/internal/logic/agentmgr/registry.go:60.35,61.50 1 0
github.com/jose/matrix-v2/internal/logic/agentmgr/registry.go:61.50,64.5 2 0
github.com/jose/matrix-v2/internal/logic/agentmgr/registry.go:66.3,66.34 1 0
github.com/jose/matrix-v2/internal/logic/agentmgr/registry.go:66.34,67.50 1 0
github.com/jose/matrix-v2/internal/logic/agentmgr/registry.go:67.50,70.5 2 0
github.com/jose/matrix-v2/internal/logic/agentmgr/registry.go:74.2,76.8 1 0
github.com/jose/matrix-v2/internal/logic/agentmgr/registry.go:80.61,82.9 2 0
github.com/jose/matrix-v2/internal/logic/agentmgr/registry.go:82.9,84.3 1 0
github.com/jose/matrix-v2/internal/logic/agentmgr/registry.go:85.2,85.17 1 0
github.com/jose/matrix-v2/internal/logic/agentmgr/registry.go:89.36,91.33 2 0
github.com/jose/matrix-v2/internal/logic/agentmgr/registry.go:91.33,92.22 1 0
github.com/jose/matrix-v2/internal/logic/agentmgr/registry.go:92.22,93.12 1 0
github.com/jose/matrix-v2/internal/logic/agentmgr/registry.go:95.3,95.24 1 0
github.com/jose/matrix-v2/internal/logic/agentmgr/registry.go:97.2,98.12 2 0
github.com/jose/matrix-v2/internal/logic/agentmgr/registry.go:102.35,104.28 2 0
github.com/jose/matrix-v2/internal/logic/agentmgr/registry.go:104.28,106.3 1 0
github.com/jose/matrix-v2/internal/logic/agentmgr/registry.go:107.2,108.12 2 0
github.com/jose/matrix-v2/internal/logic/agentmgr/registry.go:114.108,116.16 2 0
github.com/jose/matrix-v2/internal/logic/agentmgr/registry.go:116.16,118.3 1 0
github.com/jose/matrix-v2/internal/logic/agentmgr/registry.go:120.2,121.55 2 0
github.com/jose/matrix-v2/internal/logic/agentmgr/registry.go:121.55,123.3 1 0
github.com/jose/matrix-v2/internal/logic/agentmgr/registry.go:125.2,125.31 1 0
github.com/jose/matrix-v2/internal/logic/agentmgr/registry.go:125.31,127.17 2 0
github.com/jose/matrix-v2/internal/logic/agentmgr/registry.go:127.17,128.12 1 0
github.com/jose/matrix-v2/internal/logic/agentmgr/registry.go:131.3,131.36 1 0
github.com/jose/matrix-v2/internal/logic/agentmgr/registry.go:131.36,132.12 1 0
github.com/jose/matrix-v2/internal/logic/agentmgr/registry.go:135.3,146.62 2 0
github.com/jose/matrix-v2/internal/logic/agentmgr/registry.go:146.62,148.4 1 0
github.com/jose/matrix-v2/internal/logic/agentmgr/registry.go:150.2,150.12 1 0
github.com/jose/matrix-v2/internal/logic/agentmgr/registry_client.go:34.46,36.36 2 0
github.com/jose/matrix-v2/internal/logic/agentmgr/registry_client.go:36.36,38.3 1 0
github.com/jose/matrix-v2/internal/logic/agentmgr/registry_client.go:39.2,39.31 1 0
github.com/jose/matrix-v2/internal/logic/agentmgr/registry_client.go:39.31,41.3 1 0
github.com/jose/matrix-v2/internal/logic/agentmgr/registry_client.go:42.2,42.31 1 0
github.com/jose/matrix-v2/internal/logic/agentmgr/registry_client.go:42.31,44.3 1 0
github.com/jose/matrix-v2/internal/logic/agentmgr/registry_client.go:45.2,45.14 1 0
github.com/jose/matrix-v2/internal/logic/agentmgr/registry_client.go:104.84,105.23 1 0
github.com/jose/matrix-v2/internal/logic/agentmgr/registry_client.go:105.23,107.3 1 0
github.com/jose/matrix-v2/internal/logic/agentmgr/registry_client.go:108.2,114.3 1 0
github.com/jose/matrix-v2/internal/logic/agentmgr/registry_client.go:118.119,119.23 1 0
github.com/jose/matrix-v2/internal/logic/agentmgr/registry_client.go:119.23,121.3 1 0
github.com/jose/matrix-v2/internal/logic/agentmgr/registry_client.go:122.2,129.3 1 0
github.com/jose/matrix-v2/internal/logic/agentmgr/registry_client.go:133.81,135.68 2 0
github.com/jose/matrix-v2/internal/logic/agentmgr/registry_client.go:135.68,137.3 1 0
github.com/jose/matrix-v2/internal/logic/agentmgr/registry_client.go:138.2,138.19 1 0
github.com/jose/matrix-v2/internal/logic/agentmgr/registry_client.go:142.87,144.22 1 0
github.com/jose/matrix-v2/internal/logic/agentmgr/registry_client.go:144.22,145.38 1 0
github.com/jose/matrix-v2/internal/logic/agentmgr/registry_client.go:145.38,146.49 1 0
github.com/jose/matrix-v2/internal/logic/agentmgr/registry_client.go:146.49,148.5 1 0
github.com/jose/matrix-v2/internal/logic/agentmgr/registry_client.go:153.2,154.16 2 0
github.com/jose/matrix-v2/internal/logic/agentmgr/registry_client.go:154.16,156.23 1 0
github.com/jose/matrix-v2/internal/logic/agentmgr/registry_client.go:156.23,157.39 1 0
github.com/jose/matrix-v2/internal/logic/agentmgr/registry_client.go:157.39,159.5 1 0
github.com/jose/matrix-v2/internal/logic/agentmgr/registry_client.go:161.3,161.30 1 0
github.com/jose/matrix-v2/internal/logic/agentmgr/registry_client.go:165.2,165.22 1 0
github.com/jose/matrix-v2/internal/logic/agentmgr/registry_client.go:165.22,167.3 1 0
github.com/jose/matrix-v2/internal/logic/agentmgr/registry_client.go:169.2,169.19 1 0
github.com/jose/matrix-v2/internal/logic/agentmgr/registry_client.go:173.101,175.16 2 0
github.com/jose/matrix-v2/internal/logic/agentmgr/registry_client.go:175.16,177.3 1 0
github.com/jose/matrix-v2/internal/logic/agentmgr/registry_client.go:178.2,178.41 1 0
github.com/jose/matrix-v2/internal/logic/agentmgr/registry_client.go:182.107,184.16 2 0
github.com/jose/matrix-v2/internal/logic/agentmgr/registry_client.go:184.16,186.3 1 0
github.com/jose/matrix-v2/internal/logic/agentmgr/registry_client.go:187.2,187.41 1 0
github.com/jose/matrix-v2/internal/logic/agentmgr/registry_client.go:191.92,195.14 3 0
github.com/jose/matrix-v2/internal/logic/agentmgr/registry_client.go:196.15,197.18 1 0
github.com/jose/matrix-v2/internal/logic/agentmgr/registry_client.go:198.15,199.19 1 0
github.com/jose/matrix-v2/internal/logic/agentmgr/registry_client.go:202.2,204.9 3 0
github.com/jose/matrix-v2/internal/logic/agentmgr/registry_client.go:204.9,206.3 1 0
github.com/jose/matrix-v2/internal/logic/agentmgr/registry_client.go:207.2,207.19 1 0
github.com/jose/matrix-v2/internal/logic/agentmgr/registry_client.go:211.97,213.59 1 0
github.com/jose/matrix-v2/internal/logic/agentmgr/registry_client.go:213.59,215.3 1 0
github.com/jose/matrix-v2/internal/logic/agentmgr/registry_client.go:218.2,218.38 1 0
github.com/jose/matrix-v2/internal/logic/agentmgr/registry_client.go:218.38,226.3 2 0
github.com/jose/matrix-v2/internal/logic/agentmgr/registry_client.go:229.2,229.38 1 0
github.com/jose/matrix-v2/internal/logic/agentmgr/registry_client.go:229.38,237.3 2 0
github.com/jose/matrix-v2/internal/logic/agentmgr/registry_client.go:239.2,239.88 1 0
github.com/jose/matrix-v2/internal/logic/agentmgr/registry_client.go:242.80,243.24 1 0
github.com/jose/matrix-v2/internal/logic/agentmgr/registry_client.go:243.24,244.30 1 0
github.com/jose/matrix-v2/internal/logic/agentmgr/registry_client.go:244.30,246.4 1 0
github.com/jose/matrix-v2/internal/logic/agentmgr/registry_client.go:248.2,248.69 1 0
github.com/jose/matrix-v2/internal/logic/agentmgr/registry_client.go:251.60,253.34 2 0
github.com/jose/matrix-v2/internal/logic/agentmgr/registry_client.go:253.34,255.3 1 0
github.com/jose/matrix-v2/internal/logic/agentmgr/registry_client.go:256.2,257.53 2 0
github.com/jose/matrix-v2/internal/logic/agentmgr/registry_client.go:257.53,259.3 1 0
github.com/jose/matrix-v2/internal/logic/agentmgr/registry_client.go:260.2,260.20 1 0
github.com/jose/matrix-v2/internal/logic/agentmgr/registry_client.go:263.57,265.50 2 0
github.com/jose/matrix-v2/internal/logic/agentmgr/registry_client.go:265.50,267.3 1 0
github.com/jose/matrix-v2/internal/logic/agentmgr/registry_client.go:270.50,271.17 1 0
github.com/jose/matrix-v2/internal/logic/agentmgr/registry_client.go:271.17,273.3 1 0
github.com/jose/matrix-v2/internal/logic/agentmgr/registry_client.go:274.2,275.22 2 0
github.com/jose/matrix-v2/internal/logic/agentmgr/registry_client.go:275.22,277.3 1 0
github.com/jose/matrix-v2/internal/logic/agentmgr/registry_client.go:278.2,278.12 1 0
github.com/jose/matrix-v2/internal/logic/agentmgr/runtime_status.go:47.45,49.2 1 0
github.com/jose/matrix-v2/internal/logic/agentmgr/runtime_status.go:52.75,55.16 3 0
github.com/jose/matrix-v2/internal/logic/agentmgr/runtime_status.go:55.16,57.3 1 0
github.com/jose/matrix-v2/internal/logic/agentmgr/runtime_status.go:58.2,58.56 1 0
github.com/jose/matrix-v2/internal/logic/agentmgr/runtime_status.go:62.83,64.16 2 0
github.com/jose/matrix-v2/internal/logic/agentmgr/runtime_status.go:64.16,66.3 1 0
github.com/jose/matrix-v2/internal/logic/agentmgr/runtime_status.go:67.2,68.27 2 0
github.com/jose/matrix-v2/internal/logic/agentmgr/runtime_status.go:68.27,70.17 2 0
github.com/jose/matrix-v2/internal/logic/agentmgr/runtime_status.go:70.17,72.4 1 0
github.com/jose/matrix-v2/internal/logic/agentmgr/runtime_status.go:73.3,73.21 1 0
github.com/jose/matrix-v2/internal/logic/agentmgr/runtime_status.go:73.21,74.12 1 0
github.com/jose/matrix-v2/internal/logic/agentmgr/runtime_status.go:76.3,77.54 2 0
github.com/jose/matrix-v2/internal/logic/agentmgr/runtime_status.go:77.54,79.4 1 0
github.com/jose/matrix-v2/internal/logic/agentmgr/runtime_status.go:80.3,80.32 1 0
github.com/jose/matrix-v2/internal/logic/agentmgr/runtime_status.go:82.2,82.20 1 0
github.com/jose/matrix-v2/internal/logic/agentmgr/runtime_status.go:86.159,88.16 2 0
github.com/jose/matrix-v2/internal/logic/agentmgr/runtime_status.go:88.16,90.3 1 0
github.com/jose/matrix-v2/internal/logic/agentmgr/runtime_status.go:92.2,95.30 4 0
github.com/jose/matrix-v2/internal/logic/agentmgr/runtime_status.go:95.30,97.17 2 0
github.com/jose/matrix-v2/internal/logic/agentmgr/runtime_status.go:97.17,99.4 1 0
github.com/jose/matrix-v2/internal/logic/agentmgr/runtime_status.go:100.3,107.31 3 0
github.com/jose/matrix-v2/internal/logic/agentmgr/runtime_status.go:107.31,109.4 1 0
github.com/jose/matrix-v2/internal/logic/agentmgr/runtime_status.go:111.2,111.31 1 0
github.com/jose/matrix-v2/internal/logic/agentmgr/runtime_status.go:114.91,124.9 2 0
github.com/jose/matrix-v2/internal/logic/agentmgr/runtime_status.go:125.22,126.29 1 0
github.com/jose/matrix-v2/internal/logic/agentmgr/runtime_status.go:127.25,129.76 2 0
github.com/jose/matrix-v2/internal/logic/agentmgr/runtime_status.go:130.34,131.36 1 0
github.com/jose/matrix-v2/internal/logic/agentmgr/runtime_status.go:132.10,133.59 1 0
github.com/jose/matrix-v2/internal/logic/agentmgr/runtime_status.go:136.2,136.32 1 0
github.com/jose/matrix-v2/internal/logic/agentmgr/runtime_status.go:136.32,139.3 2 0
github.com/jose/matrix-v2/internal/logic/agentmgr/runtime_status.go:140.2,140.15 1 0
github.com/jose/matrix-v2/internal/logic/agentmgr/runtime_status.go:143.42,144.44 1 0
github.com/jose/matrix-v2/internal/logic/agentmgr/runtime_status.go:144.44,146.3 1 0
github.com/jose/matrix-v2/internal/logic/agentmgr/runtime_status.go:147.2,147.20 1 0
github.com/jose/matrix-v2/internal/logic/agentmgr/runtime_status.go:150.117,151.24 1 0
github.com/jose/matrix-v2/internal/logic/agentmgr/runtime_status.go:151.24,153.3 1 0
github.com/jose/matrix-v2/internal/logic/agentmgr/runtime_status.go:154.2,158.23 5 0
github.com/jose/matrix-v2/internal/logic/agentmgr/runtime_status.go:158.23,160.3 1 0
github.com/jose/matrix-v2/internal/logic/agentmgr/runtime_status.go:161.2,161.81 1 0
github.com/jose/matrix-v2/internal/logic/agentmgr/runtime_status.go:161.81,164.3 2 0
github.com/jose/matrix-v2/internal/logic/agentmgr/runtime_status.go:165.2,165.15 1 0
github.com/jose/matrix-v2/internal/logic/agentmgr/supervisor.go:44.126,52.2 1 0
github.com/jose/matrix-v2/internal/logic/agentmgr/supervisor.go:55.58,58.44 2 0
github.com/jose/matrix-v2/internal/logic/agentmgr/supervisor.go:58.44,60.17 2 0
github.com/jose/matrix-v2/internal/logic/agentmgr/supervisor.go:60.17,62.12 2 0
github.com/jose/matrix-v2/internal/logic/agentmgr/supervisor.go:66.3,66.41 1 0
github.com/jose/matrix-v2/internal/logic/agentmgr/supervisor.go:66.41,69.12 3 0
github.com/jose/matrix-v2/internal/logic/agentmgr/supervisor.go:74.3,74.53 1 0
github.com/jose/matrix-v2/internal/logic/agentmgr/supervisor.go:74.53,76.4 1 0
github.com/jose/matrix-v2/internal/logic/agentmgr/supervisor.go:76.9,79.4 2 0
github.com/jose/matrix-v2/internal/logic/agentmgr/supervisor.go:81.2,81.12 1 0
github.com/jose/matrix-v2/internal/logic/agentmgr/supervisor.go:85.99,87.16 2 0
github.com/jose/matrix-v2/internal/logic/agentmgr/supervisor.go:87.16,89.3 1 0
github.com/jose/matrix-v2/internal/logic/agentmgr/supervisor.go:92.2,92.54 1 0
github.com/jose/matrix-v2/internal/logic/agentmgr/supervisor.go:92.54,94.3 1 0
github.com/jose/matrix-v2/internal/logic/agentmgr/supervisor.go:96.2,96.21 1 0
github.com/jose/matrix-v2/internal/logic/agentmgr/supervisor.go:96.21,98.3 1 0
github.com/jose/matrix-v2/internal/logic/agentmgr/supervisor.go:100.2,104.9 4 0
github.com/jose/matrix-v2/internal/logic/agentmgr/supervisor.go:104.9,106.3 1 0
github.com/jose/matrix-v2/internal/logic/agentmgr/supervisor.go:108.2,108.77 1 0
github.com/jose/matrix-v2/internal/logic/agentmgr/supervisor.go:113.85,118.6 3 0
github.com/jose/matrix-v2/internal/logic/agentmgr/supervisor.go:118.6,119.10 1 0
github.com/jose/matrix-v2/internal/logic/agentmgr/supervisor.go:120.21,122.10 2 0
github.com/jose/matrix-v2/internal/logic/agentmgr/supervisor.go:123.11,123.11 0 0
github.com/jose/matrix-v2/internal/logic/agentmgr/supervisor.go:126.3,127.10 2 0
github.com/jose/matrix-v2/internal/logic/agentmgr/supervisor.go:127.10,128.12 1 0
github.com/jose/matrix-v2/internal/logic/agentmgr/supervisor.go:131.3,137.10 6 0
github.com/jose/matrix-v2/internal/logic/agentmgr/supervisor.go:137.10,138.12 1 0
github.com/jose/matrix-v2/internal/logic/agentmgr/supervisor.go:140.3,140.55 1 0
github.com/jose/matrix-v2/internal/logic/agentmgr/supervisor.go:140.55,142.4 1 0
github.com/jose/matrix-v2/internal/logic/agentmgr/supervisor.go:146.65,148.16 2 0
github.com/jose/matrix-v2/internal/logic/agentmgr/supervisor.go:148.16,152.3 3 0
github.com/jose/matrix-v2/internal/logic/agentmgr/supervisor.go:153.2,153.19 1 0
github.com/jose/matrix-v2/internal/logic/agentmgr/supervisor.go:156.55,158.27 2 0
github.com/jose/matrix-v2/internal/logic/agentmgr/supervisor.go:158.27,160.3 1 0
github.com/jose/matrix-v2/internal/logic/agentmgr/supervisor.go:161.2,161.12 1 0
github.com/jose/matrix-v2/internal/logic/agentmgr/supervisor.go:164.128,167.16 3 0
github.com/jose/matrix-v2/internal/logic/agentmgr/supervisor.go:167.16,172.3 4 0
github.com/jose/matrix-v2/internal/logic/agentmgr/supervisor.go:174.2,178.84 5 0
github.com/jose/matrix-v2/internal/logic/agentmgr/supervisor.go:181.104,188.32 5 0
github.com/jose/matrix-v2/internal/logic/agentmgr/supervisor.go:188.32,193.3 4 0
github.com/jose/matrix-v2/internal/logic/agentmgr/supervisor.go:195.2,196.47 2 0
github.com/jose/matrix-v2/internal/logic/agentmgr/supervisor.go:196.47,200.3 3 0
github.com/jose/matrix-v2/internal/logic/agentmgr/supervisor.go:202.2,205.13 4 0
github.com/jose/matrix-v2/internal/logic/agentmgr/supervisor.go:208.56,212.2 3 0
github.com/jose/matrix-v2/internal/logic/agentmgr/supervisor.go:214.80,215.25 1 0
github.com/jose/matrix-v2/internal/logic/agentmgr/supervisor.go:215.25,217.3 1 0
github.com/jose/matrix-v2/internal/logic/agentmgr/supervisor.go:218.2,218.57 1 0
github.com/jose/matrix-v2/internal/logic/agentmgr/supervisor.go:218.57,220.3 1 0
github.com/jose/matrix-v2/internal/logic/agentmgr/supervisor.go:223.36,224.16 1 0
github.com/jose/matrix-v2/internal/logic/agentmgr/supervisor.go:224.16,226.3 1 0
github.com/jose/matrix-v2/internal/logic/agentmgr/supervisor.go:227.2,227.20 1 0
github.com/jose/matrix-v2/internal/logic/bootstrap/report.go:14.156,16.16 2 0
github.com/jose/matrix-v2/internal/logic/bootstrap/report.go:16.16,18.3 1 0
github.com/jose/matrix-v2/internal/logic/bootstrap/report.go:20.2,31.20 4 0
github.com/jose/matrix-v2/internal/logic/bootstrap/report.go:35.109,40.28 2 0
github.com/jose/matrix-v2/internal/logic/bootstrap/report.go:40.28,42.3 1 0
github.com/jose/matrix-v2/internal/logic/bootstrap/report.go:42.8,44.3 1 0
github.com/jose/matrix-v2/internal/logic/bootstrap/report.go:45.2,45.44 1 0
github.com/jose/matrix-v2/internal/logic/bootstrap/report.go:45.44,47.3 1 0
github.com/jose/matrix-v2/internal/logic/bootstrap/report.go:48.2,48.22 1 0
github.com/jose/matrix-v2/internal/logic/bootstrap/report.go:48.22,50.3 1 0
github.com/jose/matrix-v2/internal/logic/bootstrap/report.go:51.2,51.23 1 0
github.com/jose/matrix-v2/internal/logic/bootstrap/report.go:51.23,53.3 1 0
github.com/jose/matrix-v2/internal/logic/bootstrap/report.go:54.2,59.14 2 0
github.com/jose/matrix-v2/internal/logic/bootstrap/report.go:62.52,64.34 2 0
github.com/jose/matrix-v2/internal/logic/bootstrap/report.go:64.34,66.3 1 0
github.com/jose/matrix-v2/internal/logic/bootstrap/report.go:67.2,68.63 2 0
github.com/jose/matrix-v2/internal/logic/bootstrap/report.go:71.59,73.36 2 0
github.com/jose/matrix-v2/internal/logic/bootstrap/report.go:73.36,75.17 2 0
github.com/jose/matrix-v2/internal/logic/bootstrap/report.go:75.17,76.12 1 0
github.com/jose/matrix-v2/internal/logic/bootstrap/report.go:78.3,78.21 1 0
github.com/jose/matrix-v2/internal/logic/bootstrap/report.go:78.21,80.4 1 0
github.com/jose/matrix-v2/internal/logic/bootstrap/report.go:82.2,82.12 1 0
github.com/jose/matrix-v2/internal/logic/cmdutil/config.go:11.77,13.2 1 0
github.com/jose/matrix-v2/internal/logic/cmdutil/output.go:10.55,12.16 2 0
github.com/jose/matrix-v2/internal/logic/cmdutil/output.go:12.16,14.3 1 0
github.com/jose/matrix-v2/internal/logic/cmdutil/output.go:15.2,16.12 2 0
github.com/jose/matrix-v2/internal/logic/agentcfg/meta.go:31.37,33.2 1 7
github.com/jose/matrix-v2/internal/logic/agentcfg/meta.go:36.76,37.20 1 4
github.com/jose/matrix-v2/internal/logic/agentcfg/meta.go:37.20,39.3 1 0
github.com/jose/matrix-v2/internal/logic/agentcfg/meta.go:40.2,41.16 2 4
github.com/jose/matrix-v2/internal/logic/agentcfg/meta.go:41.16,43.3 1 0
github.com/jose/matrix-v2/internal/logic/agentcfg/meta.go:44.2,44.60 1 4
github.com/jose/matrix-v2/internal/logic/agentcfg/meta.go:44.60,46.3 1 0
github.com/jose/matrix-v2/internal/logic/agentcfg/meta.go:47.2,47.12 1 4
github.com/jose/matrix-v2/internal/logic/agentcfg/meta.go:52.73,53.20 1 3
github.com/jose/matrix-v2/internal/logic/agentcfg/meta.go:53.20,55.3 1 1
github.com/jose/matrix-v2/internal/logic/agentcfg/meta.go:56.2,57.16 2 2
github.com/jose/matrix-v2/internal/logic/agentcfg/meta.go:57.16,59.3 1 0
github.com/jose/matrix-v2/internal/logic/agentcfg/meta.go:60.2,60.20 1 2
github.com/jose/matrix-v2/internal/logic/agentcfg/meta.go:60.20,62.3 1 1
github.com/jose/matrix-v2/internal/logic/agentcfg/meta.go:63.2,64.52 2 1
github.com/jose/matrix-v2/internal/logic/agentcfg/meta.go:64.52,66.3 1 0
github.com/jose/matrix-v2/internal/logic/agentcfg/meta.go:67.2,67.18 1 1
github.com/jose/matrix-v2/internal/logic/agentcfg/meta.go:71.67,72.20 1 1
github.com/jose/matrix-v2/internal/logic/agentcfg/meta.go:72.20,74.3 1 0
github.com/jose/matrix-v2/internal/logic/agentcfg/meta.go:75.2,75.57 1 1
github.com/jose/matrix-v2/internal/logic/agentcfg/meta.go:75.57,77.3 1 0
github.com/jose/matrix-v2/internal/logic/agentcfg/meta.go:78.2,78.12 1 1
github.com/jose/matrix-v2/internal/logic/agentcfg/meta.go:82.64,83.20 1 1
github.com/jose/matrix-v2/internal/logic/agentcfg/meta.go:83.20,85.3 1 0
github.com/jose/matrix-v2/internal/logic/agentcfg/meta.go:86.2,87.16 2 1
github.com/jose/matrix-v2/internal/logic/agentcfg/meta.go:87.16,89.3 1 0
github.com/jose/matrix-v2/internal/logic/agentcfg/meta.go:90.2,91.27 2 1
github.com/jose/matrix-v2/internal/logic/agentcfg/meta.go:91.27,93.3 1 2
github.com/jose/matrix-v2/internal/logic/agentcfg/meta.go:94.2,95.17 2 1
github.com/jose/matrix-v2/internal/logic/agentcfg/store.go:39.33,41.2 1 18
github.com/jose/matrix-v2/internal/logic/agentcfg/store.go:44.75,46.20 2 13
github.com/jose/matrix-v2/internal/logic/agentcfg/store.go:46.20,48.3 1 2
github.com/jose/matrix-v2/internal/logic/agentcfg/store.go:50.2,51.16 2 11
github.com/jose/matrix-v2/internal/logic/agentcfg/store.go:51.16,53.3 1 0
github.com/jose/matrix-v2/internal/logic/agentcfg/store.go:54.2,54.20 1 11
github.com/jose/matrix-v2/internal/logic/agentcfg/store.go:54.20,56.3 1 7
github.com/jose/matrix-v2/internal/logic/agentcfg/store.go:57.2,57.53 1 4
github.com/jose/matrix-v2/internal/logic/agentcfg/store.go:57.53,59.3 1 0
github.com/jose/matrix-v2/internal/logic/agentcfg/store.go:60.2,60.19 1 4
github.com/jose/matrix-v2/internal/logic/agentcfg/store.go:64.79,65.20 1 7
github.com/jose/matrix-v2/internal/logic/agentcfg/store.go:65.20,67.3 1 1
github.com/jose/matrix-v2/internal/logic/agentcfg/store.go:68.2,69.16 2 6
github.com/jose/matrix-v2/internal/logic/agentcfg/store.go:69.16,71.3 1 0
github.com/jose/matrix-v2/internal/logic/agentcfg/store.go:72.2,72.56 1 6
github.com/jose/matrix-v2/internal/logic/agentcfg/store.go:72.56,74.3 1 0
github.com/jose/matrix-v2/internal/logic/agentcfg/store.go:75.2,75.12 1 6
github.com/jose/matrix-v2/internal/logic/agentcfg/store.go:79.73,81.16 2 6
github.com/jose/matrix-v2/internal/logic/agentcfg/store.go:81.16,83.3 1 0
github.com/jose/matrix-v2/internal/logic/agentcfg/store.go:84.2,84.28 1 6
github.com/jose/matrix-v2/internal/logic/agentcfg/store.go:88.80,90.16 2 7
github.com/jose/matrix-v2/internal/logic/agentcfg/store.go:90.16,92.3 1 0
github.com/jose/matrix-v2/internal/logic/agentcfg/store.go:93.2,94.43 2 7
github.com/jose/matrix-v2/internal/logic/agentcfg/store.go:98.68,99.20 1 1
github.com/jose/matrix-v2/internal/logic/agentcfg/store.go:99.20,101.3 1 0
github.com/jose/matrix-v2/internal/logic/agentcfg/store.go:102.2,102.53 1 1
github.com/jose/matrix-v2/internal/logic/agentcfg/store.go:102.53,104.3 1 0
github.com/jose/matrix-v2/internal/logic/agentcfg/store.go:105.2,105.12 1 1
github.com/jose/matrix-v2/internal/logic/agentcfg/store.go:109.65,110.20 1 1
github.com/jose/matrix-v2/internal/logic/agentcfg/store.go:110.20,112.3 1 0
github.com/jose/matrix-v2/internal/logic/agentcfg/store.go:113.2,114.16 2 1
github.com/jose/matrix-v2/internal/logic/agentcfg/store.go:114.16,116.3 1 0
github.com/jose/matrix-v2/internal/logic/agentcfg/store.go:117.2,118.27 2 1
github.com/jose/matrix-v2/internal/logic/agentcfg/store.go:118.27,120.3 1 2
github.com/jose/matrix-v2/internal/logic/agentcfg/store.go:121.2,122.17 2 1
github.com/jose/matrix-v2/internal/logic/agentcfg/store.go:126.59,130.27 4 2
github.com/jose/matrix-v2/internal/logic/agentcfg/store.go:130.27,131.37 1 4
github.com/jose/matrix-v2/internal/logic/agentcfg/store.go:131.37,132.17 1 1
github.com/jose/matrix-v2/internal/logic/agentcfg/store.go:132.17,135.5 2 1
github.com/jose/matrix-v2/internal/logic/agentcfg/store.go:136.4,136.12 1 1
github.com/jose/matrix-v2/internal/logic/agentcfg/store.go:138.3,138.31 1 3
github.com/jose/matrix-v2/internal/logic/agentcfg/store.go:140.2,140.15 1 2
github.com/jose/matrix-v2/internal/logic/agentcfg/store.go:140.15,142.3 1 1
github.com/jose/matrix-v2/internal/logic/agentcfg/store.go:143.2,143.15 1 2
github.com/jose/matrix-v2/internal/logic/agentcfg/store.go:147.52,150.27 3 1
github.com/jose/matrix-v2/internal/logic/agentcfg/store.go:150.27,151.37 1 3
github.com/jose/matrix-v2/internal/logic/agentcfg/store.go:151.37,152.12 1 1
github.com/jose/matrix-v2/internal/logic/agentcfg/store.go:154.3,154.31 1 2
github.com/jose/matrix-v2/internal/logic/agentcfg/store.go:156.2,156.15 1 1
github.com/jose/matrix-v2/internal/logic/channelcfg/providers.go:35.36,37.40 2 0
github.com/jose/matrix-v2/internal/logic/channelcfg/providers.go:37.40,39.3 1 0
github.com/jose/matrix-v2/internal/logic/channelcfg/providers.go:40.2,41.14 2 0
github.com/jose/matrix-v2/internal/logic/channelcfg/providers.go:45.119,47.16 2 0
github.com/jose/matrix-v2/internal/logic/channelcfg/providers.go:47.16,49.3 1 0
github.com/jose/matrix-v2/internal/logic/channelcfg/providers.go:50.2,51.16 2 0
github.com/jose/matrix-v2/internal/logic/channelcfg/providers.go:51.16,53.3 1 0
github.com/jose/matrix-v2/internal/logic/channelcfg/providers.go:55.2,60.21 2 0
github.com/jose/matrix-v2/internal/logic/channelcfg/providers.go:60.21,62.3 1 0
github.com/jose/matrix-v2/internal/logic/channelcfg/providers.go:64.2,65.16 2 0
github.com/jose/matrix-v2/internal/logic/channelcfg/providers.go:65.16,67.3 1 0
github.com/jose/matrix-v2/internal/logic/channelcfg/providers.go:68.2,70.19 3 0
github.com/jose/matrix-v2/internal/logic/channelcfg/providers.go:73.73,75.9 2 3
github.com/jose/matrix-v2/internal/logic/channelcfg/providers.go:75.9,77.3 1 1
github.com/jose/matrix-v2/internal/logic/channelcfg/providers.go:78.2,78.17 1 2
github.com/jose/matrix-v2/internal/logic/channelcfg/providers.go:81.53,83.9 2 2
github.com/jose/matrix-v2/internal/logic/channelcfg/providers.go:83.9,85.3 1 0
github.com/jose/matrix-v2/internal/logic/channelcfg/providers.go:86.2,86.37 1 2
github.com/jose/matrix-v2/internal/logic/channelcfg/providers.go:86.37,87.23 1 6
github.com/jose/matrix-v2/internal/logic/channelcfg/providers.go:87.23,89.4 1 1
github.com/jose/matrix-v2/internal/logic/channelcfg/providers.go:91.2,91.14 1 1
github.com/jose/matrix-v2/internal/logic/channelcfg/providers.go:94.112,96.16 2 0
github.com/jose/matrix-v2/internal/logic/channelcfg/providers.go:96.16,98.3 1 0
github.com/jose/matrix-v2/internal/logic/channelcfg/providers.go:99.2,103.16 1 0
github.com/jose/matrix-v2/internal/logic/channelcfg/redact.go:6.60,8.33 2 0
github.com/jose/matrix-v2/internal/logic/channelcfg/redact.go:8.33,9.48 1 0
github.com/jose/matrix-v2/internal/logic/channelcfg/redact.go:9.48,11.12 2 0
github.com/jose/matrix-v2/internal/logic/channelcfg/redact.go:13.3,13.24 1 0
github.com/jose/matrix-v2/internal/logic/channelcfg/redact.go:15.2,15.17 1 0
github.com/jose/matrix-v2/internal/logic/channelcfg/redact.go:19.52,20.23 1 0
github.com/jose/matrix-v2/internal/logic/channelcfg/redact.go:20.23,22.3 1 0
github.com/jose/matrix-v2/internal/logic/channelcfg/redact.go:23.2,23.34 1 0
github.com/jose/matrix-v2/internal/logic/channelcfg/redact.go:27.40,28.17 1 0
github.com/jose/matrix-v2/internal/logic/channelcfg/redact.go:28.17,30.3 1 0
github.com/jose/matrix-v2/internal/logic/channelcfg/redact.go:31.2,31.21 1 0
github.com/jose/matrix-v2/internal/logic/channelcfg/redact.go:31.21,33.3 1 0
github.com/jose/matrix-v2/internal/logic/channelcfg/redact.go:34.2,34.49 1 0
github.com/jose/matrix-v2/internal/logic/channelcfg/redact.go:38.35,41.2 2 0
github.com/jose/matrix-v2/internal/logic/channelcfg/redact.go:43.35,45.2 1 0
github.com/jose/matrix-v2/internal/logic/channelcfg/store.go:12.56,15.63 3 3
github.com/jose/matrix-v2/internal/logic/channelcfg/store.go:15.63,17.3 1 0
github.com/jose/matrix-v2/internal/logic/channelcfg/store.go:18.2,18.59 1 3
github.com/jose/matrix-v2/internal/logic/channelcfg/store.go:18.59,20.3 1 1
github.com/jose/matrix-v2/internal/logic/channelcfg/store.go:21.2,21.41 1 2
github.com/jose/matrix-v2/internal/logic/channelcfg/store.go:21.41,23.3 1 1
github.com/jose/matrix-v2/internal/logic/channelcfg/store.go:24.2,24.47 1 1
github.com/jose/matrix-v2/internal/logic/channelcfg/store.go:28.77,30.16 2 0
github.com/jose/matrix-v2/internal/logic/channelcfg/store.go:30.16,32.3 1 0
github.com/jose/matrix-v2/internal/logic/channelcfg/store.go:33.2,33.35 1 0
github.com/jose/matrix-v2/internal/logic/channelcfg/store.go:37.73,39.16 2 0
github.com/jose/matrix-v2/internal/logic/channelcfg/store.go:39.16,41.3 1 0
github.com/jose/matrix-v2/internal/logic/channelcfg/store.go:42.2,42.31 1 0
github.com/jose/matrix-v2/internal/logic/channelcfg/store.go:46.88,47.59 1 0
github.com/jose/matrix-v2/internal/logic/channelcfg/store.go:47.59,49.3 1 0
github.com/jose/matrix-v2/internal/logic/channelcfg/store.go:50.2,51.16 2 0
github.com/jose/matrix-v2/internal/logic/channelcfg/store.go:51.16,53.3 1 0
github.com/jose/matrix-v2/internal/logic/channelcfg/store.go:54.2,56.27 3 0
github.com/jose/matrix-v2/internal/logic/channelcfg/store.go:56.27,57.38 1 0
github.com/jose/matrix-v2/internal/logic/channelcfg/store.go:57.38,58.12 1 0
github.com/jose/matrix-v2/internal/logic/channelcfg/store.go:60.3,61.17 2 0
github.com/jose/matrix-v2/internal/logic/channelcfg/store.go:61.17,63.4 1 0
github.com/jose/matrix-v2/internal/logic/channelcfg/store.go:64.3,64.50 1 0
github.com/jose/matrix-v2/internal/logic/channelcfg/store.go:66.2,66.20 1 0
github.com/jose/matrix-v2/internal/logic/channelcfg/store.go:70.52,72.26 2 0
github.com/jose/matrix-v2/internal/logic/channelcfg/store.go:72.26,74.3 1 0
github.com/jose/matrix-v2/internal/logic/channelcfg/store.go:75.2,76.13 2 0
github.com/jose/matrix-v2/internal/logic/channelcfg/telegram.go:56.113,58.16 2 2
github.com/jose/matrix-v2/internal/logic/channelcfg/telegram.go:58.16,60.3 1 0
github.com/jose/matrix-v2/internal/logic/channelcfg/telegram.go:61.2,61.96 1 2
github.com/jose/matrix-v2/internal/logic/channelcfg/telegram.go:61.96,63.17 2 1
github.com/jose/matrix-v2/internal/logic/channelcfg/telegram.go:63.17,65.4 1 0
github.com/jose/matrix-v2/internal/logic/channelcfg/telegram.go:66.3,67.41 2 1
github.com/jose/matrix-v2/internal/logic/channelcfg/telegram.go:70.2,71.16 2 2
github.com/jose/matrix-v2/internal/logic/channelcfg/telegram.go:71.16,73.3 1 0
github.com/jose/matrix-v2/internal/logic/channelcfg/telegram.go:74.2,74.15 1 2
github.com/jose/matrix-v2/internal/logic/channelcfg/telegram.go:74.15,77.3 2 2
github.com/jose/matrix-v2/internal/logic/channelcfg/telegram.go:79.2,80.16 2 2
github.com/jose/matrix-v2/internal/logic/channelcfg/telegram.go:80.16,82.3 1 0
github.com/jose/matrix-v2/internal/logic/channelcfg/telegram.go:83.2,83.13 1 2
github.com/jose/matrix-v2/internal/logic/channelcfg/telegram.go:83.13,86.3 2 1
github.com/jose/matrix-v2/internal/logic/channelcfg/telegram.go:88.2,88.25 1 2
github.com/jose/matrix-v2/internal/logic/channelcfg/telegram.go:91.87,93.16 2 2
github.com/jose/matrix-v2/internal/logic/channelcfg/telegram.go:93.16,95.3 1 0
github.com/jose/matrix-v2/internal/logic/channelcfg/telegram.go:96.2,97.51 2 2
github.com/jose/matrix-v2/internal/logic/channelcfg/telegram.go:97.51,99.3 1 0
github.com/jose/matrix-v2/internal/logic/channelcfg/telegram.go:100.2,100.40 1 2
github.com/jose/matrix-v2/internal/logic/channelcfg/telegram.go:100.40,102.3 1 0
github.com/jose/matrix-v2/internal/logic/channelcfg/telegram.go:103.2,107.39 1 2
github.com/jose/matrix-v2/internal/logic/channelcfg/telegram.go:110.109,112.16 2 1
github.com/jose/matrix-v2/internal/logic/channelcfg/telegram.go:112.16,114.3 1 0
github.com/jose/matrix-v2/internal/logic/channelcfg/telegram.go:115.2,116.56 2 1
github.com/jose/matrix-v2/internal/logic/channelcfg/telegram.go:116.56,118.3 1 0
github.com/jose/matrix-v2/internal/logic/channelcfg/telegram.go:119.2,119.69 1 1
github.com/jose/matrix-v2/internal/logic/channelcfg/telegram.go:122.96,123.19 1 2
github.com/jose/matrix-v2/internal/logic/channelcfg/telegram.go:123.19,125.3 1 0
github.com/jose/matrix-v2/internal/logic/channelcfg/telegram.go:127.2,128.16 2 2
github.com/jose/matrix-v2/internal/logic/channelcfg/telegram.go:128.16,130.3 1 0
github.com/jose/matrix-v2/internal/logic/channelcfg/telegram.go:131.2,132.27 2 2
github.com/jose/matrix-v2/internal/logic/channelcfg/telegram.go:132.27,134.3 1 4
github.com/jose/matrix-v2/internal/logic/channelcfg/telegram.go:136.2,143.16 3 2
github.com/jose/matrix-v2/internal/logic/channelcfg/telegram.go:143.16,145.3 1 0
github.com/jose/matrix-v2/internal/logic/channelcfg/telegram.go:146.2,146.17 1 2
github.com/jose/matrix-v2/internal/logic/channelcfg/telegram.go:146.17,148.3 1 2
github.com/jose/matrix-v2/internal/logic/channelcfg/telegram.go:150.2,150.42 1 0
github.com/jose/matrix-v2/internal/logic/channelcfg/telegram.go:153.139,157.34 3 2
github.com/jose/matrix-v2/internal/logic/channelcfg/telegram.go:157.34,159.17 2 2
github.com/jose/matrix-v2/internal/logic/channelcfg/telegram.go:159.17,161.4 1 0
github.com/jose/matrix-v2/internal/logic/channelcfg/telegram.go:162.3,164.14 3 2
github.com/jose/matrix-v2/internal/logic/channelcfg/telegram.go:167.2,167.36 1 2
github.com/jose/matrix-v2/internal/logic/channelcfg/telegram.go:167.36,169.17 2 1
github.com/jose/matrix-v2/internal/logic/channelcfg/telegram.go:169.17,171.4 1 0
github.com/jose/matrix-v2/internal/logic/channelcfg/telegram.go:172.3,173.22 2 1
github.com/jose/matrix-v2/internal/logic/channelcfg/telegram.go:173.22,175.4 1 0
github.com/jose/matrix-v2/internal/logic/channelcfg/telegram.go:176.3,178.14 3 1
github.com/jose/matrix-v2/internal/logic/channelcfg/telegram.go:181.2,181.35 1 2
github.com/jose/matrix-v2/internal/logic/channelcfg/telegram.go:181.35,183.17 2 1
github.com/jose/matrix-v2/internal/logic/channelcfg/telegram.go:183.17,185.4 1 0
github.com/jose/matrix-v2/internal/logic/channelcfg/telegram.go:186.3,187.22 2 1
github.com/jose/matrix-v2/internal/logic/channelcfg/telegram.go:187.22,189.4 1 0
github.com/jose/matrix-v2/internal/logic/channelcfg/telegram.go:190.3,192.14 3 1
github.com/jose/matrix-v2/internal/logic/channelcfg/telegram.go:195.2,195.27 1 2
github.com/jose/matrix-v2/internal/logic/channelcfg/telegram.go:198.64,202.60 3 2
github.com/jose/matrix-v2/internal/logic/channelcfg/telegram.go:202.60,206.3 3 1
github.com/jose/matrix-v2/internal/logic/channelcfg/telegram.go:207.2,207.67 1 2
github.com/jose/matrix-v2/internal/logic/channelcfg/telegram.go:207.67,209.17 2 1
github.com/jose/matrix-v2/internal/logic/channelcfg/telegram.go:209.17,211.4 1 0
github.com/jose/matrix-v2/internal/logic/channelcfg/telegram.go:212.3,214.14 3 1
github.com/jose/matrix-v2/internal/logic/channelcfg/telegram.go:216.2,216.65 1 2
github.com/jose/matrix-v2/internal/logic/channelcfg/telegram.go:216.65,218.17 2 1
github.com/jose/matrix-v2/internal/logic/channelcfg/telegram.go:218.17,220.4 1 0
github.com/jose/matrix-v2/internal/logic/channelcfg/telegram.go:221.3,223.14 3 1
github.com/jose/matrix-v2/internal/logic/channelcfg/telegram.go:226.2,226.27 1 2
github.com/jose/matrix-v2/internal/logic/channelcfg/telegram.go:229.87,230.22 1 4
github.com/jose/matrix-v2/internal/logic/channelcfg/telegram.go:230.22,232.3 1 4
github.com/jose/matrix-v2/internal/logic/channelcfg/telegram.go:233.2,233.24 1 4
github.com/jose/matrix-v2/internal/logic/channelcfg/telegram.go:233.24,235.3 1 3
github.com/jose/matrix-v2/internal/logic/channelcfg/telegram.go:236.2,236.23 1 4
github.com/jose/matrix-v2/internal/logic/channelcfg/telegram.go:236.23,238.3 1 3
github.com/jose/matrix-v2/internal/logic/channelcfg/telegram.go:239.2,239.13 1 4
github.com/jose/matrix-v2/internal/logic/channelcfg/telegram.go:242.75,244.26 2 1
github.com/jose/matrix-v2/internal/logic/channelcfg/telegram.go:244.26,247.3 2 1
github.com/jose/matrix-v2/internal/logic/channelcfg/telegram.go:248.2,248.28 1 1
github.com/jose/matrix-v2/internal/logic/channelcfg/telegram.go:248.28,251.3 2 1
github.com/jose/matrix-v2/internal/logic/channelcfg/telegram.go:252.2,252.27 1 1
github.com/jose/matrix-v2/internal/logic/channelcfg/telegram.go:252.27,255.3 2 1
github.com/jose/matrix-v2/internal/logic/channelcfg/telegram.go:256.2,256.16 1 1
github.com/jose/matrix-v2/internal/logic/channelcfg/telegram.go:259.55,261.15 2 2
github.com/jose/matrix-v2/internal/logic/channelcfg/telegram.go:261.15,263.3 1 1
github.com/jose/matrix-v2/internal/logic/channelcfg/telegram.go:265.2,265.33 1 1
github.com/jose/matrix-v2/internal/logic/channelcfg/telegram.go:265.33,267.62 2 1
github.com/jose/matrix-v2/internal/logic/channelcfg/telegram.go:267.62,269.4 1 0
github.com/jose/matrix-v2/internal/logic/channelcfg/telegram.go:270.3,270.21 1 1
github.com/jose/matrix-v2/internal/logic/channelcfg/telegram.go:273.2,275.29 3 0
github.com/jose/matrix-v2/internal/logic/channelcfg/telegram.go:275.29,277.17 2 0
github.com/jose/matrix-v2/internal/logic/channelcfg/telegram.go:277.17,278.12 1 0
github.com/jose/matrix-v2/internal/logic/channelcfg/telegram.go:280.3,281.17 2 0
github.com/jose/matrix-v2/internal/logic/channelcfg/telegram.go:281.17,283.4 1 0
github.com/jose/matrix-v2/internal/logic/channelcfg/telegram.go:284.3,284.35 1 0
github.com/jose/matrix-v2/internal/logic/channelcfg/telegram.go:286.2,286.20 1 0
github.com/jose/matrix-v2/internal/logic/channelcfg/telegram.go:289.60,292.2 2 6
github.com/jose/matrix-v2/internal/logic/runtimecheck/checks.go:10.59,12.2 1 0
github.com/jose/matrix-v2/internal/logic/runtimecheck/checks.go:15.71,16.41 1 0
github.com/jose/matrix-v2/internal/logic/runtimecheck/checks.go:16.41,18.3 1 0
github.com/jose/matrix-v2/internal/logic/runtimecheck/checks.go:19.2,19.46 1 0
github.com/jose/matrix-v2/internal/logic/runtimecheck/checks.go:19.46,21.3 1 0
github.com/jose/matrix-v2/internal/logic/runtimecheck/checks.go:22.2,22.40 1 0
github.com/jose/matrix-v2/internal/logic/runtimecheck/checks.go:22.40,24.3 1 0
github.com/jose/matrix-v2/internal/logic/runtimecheck/checks.go:28.57,29.83 1 0
github.com/jose/matrix-v2/internal/logic/runtimecheck/checks.go:29.83,30.39 1 0
github.com/jose/matrix-v2/internal/logic/runtimecheck/checks.go:30.39,32.4 1 0
github.com/jose/matrix-v2/internal/logic/runtimecheck/checks.go:34.2,34.12 1 0
github.com/jose/matrix-v2/internal/logic/runtimecheck/checks.go:38.57,41.2 2 0
github.com/jose/matrix-v2/internal/logic/runtimecheck/http.go:11.106,13.57 2 0
github.com/jose/matrix-v2/internal/logic/runtimecheck/http.go:13.57,15.3 1 0
github.com/jose/matrix-v2/internal/logic/runtimecheck/http.go:16.2,16.20 1 0
github.com/jose/matrix-v2/internal/logic/runtimecheck/local.go:22.65,24.43 2 0
github.com/jose/matrix-v2/internal/logic/runtimecheck/local.go:24.43,25.116 1 0
github.com/jose/matrix-v2/internal/logic/runtimecheck/local.go:25.116,27.4 1 0
github.com/jose/matrix-v2/internal/logic/runtimecheck/local.go:30.2,45.58 3 0
github.com/jose/matrix-v2/internal/logic/runtimecheck/local.go:45.58,47.3 1 0
github.com/jose/matrix-v2/internal/logic/runtimecheck/local.go:49.2,49.29 1 0
github.com/jose/matrix-v2/internal/logic/runtimecheck/local.go:49.29,52.3 2 0
github.com/jose/matrix-v2/internal/logic/runtimecheck/local.go:54.2,54.39 1 0
github.com/jose/matrix-v2/internal/logic/runtimecheck/report.go:23.60,25.16 2 0
github.com/jose/matrix-v2/internal/logic/runtimecheck/report.go:25.16,27.3 1 0
github.com/jose/matrix-v2/internal/logic/runtimecheck/report.go:29.2,29.36 1 0
github.com/jose/matrix-v2/internal/logic/runtimecheck/report.go:29.36,29.71 1 0
github.com/jose/matrix-v2/internal/logic/runtimecheck/report.go:30.2,31.16 2 0
github.com/jose/matrix-v2/internal/logic/runtimecheck/report.go:31.16,33.3 1 0
github.com/jose/matrix-v2/internal/logic/runtimecheck/report.go:35.2,50.46 4 0
github.com/jose/matrix-v2/internal/logic/config/manager.go:21.42,23.2 1 5
github.com/jose/matrix-v2/internal/logic/config/manager.go:27.48,28.15 1 5
github.com/jose/matrix-v2/internal/logic/config/manager.go:28.15,34.3 1 1
github.com/jose/matrix-v2/internal/logic/config/manager.go:35.2,35.48 1 4
github.com/jose/matrix-v2/internal/logic/config/manager.go:40.51,41.15 1 4
github.com/jose/matrix-v2/internal/logic/config/manager.go:41.15,47.3 1 1
github.com/jose/matrix-v2/internal/logic/config/manager.go:48.2,48.43 1 3
github.com/jose/matrix-v2/internal/logic/config/manager.go:52.63,54.29 2 0
github.com/jose/matrix-v2/internal/logic/config/manager.go:54.29,56.3 1 0
github.com/jose/matrix-v2/internal/logic/config/manager.go:57.2,57.12 1 0
github.com/jose/matrix-v2/internal/logic/config/manager.go:61.44,62.15 1 2
github.com/jose/matrix-v2/internal/logic/config/manager.go:62.15,68.3 1 1
github.com/jose/matrix-v2/internal/logic/config/manager.go:69.2,69.40 1 1
github.com/jose/matrix-v2/internal/logic/config/manager.go:73.44,75.16 2 1
github.com/jose/matrix-v2/internal/logic/config/manager.go:75.16,77.3 1 0
github.com/jose/matrix-v2/internal/logic/config/manager.go:79.2,80.25 2 1
github.com/jose/matrix-v2/internal/logic/config/manager.go:80.25,82.3 1 2
github.com/jose/matrix-v2/internal/logic/config/manager.go:83.2,83.20 1 1
github.com/jose/matrix-v2/internal/logic/system_tools/handlers.go:14.41,67.2 1 0
github.com/jose/matrix-v2/internal/logic/system_tools/handlers.go:76.118,78.2 1 0
github.com/jose/matrix-v2/internal/logic/system_tools/handlers.go:81.64,82.28 1 0
github.com/jose/matrix-v2/internal/logic/system_tools/handlers.go:83.21,88.80 2 0
github.com/jose/matrix-v2/internal/logic/system_tools/handlers.go:88.80,90.4 1 0
github.com/jose/matrix-v2/internal/logic/system_tools/handlers.go:91.3,91.53 1 0
github.com/jose/matrix-v2/internal/logic/system_tools/handlers.go:93.23,97.80 2 0
github.com/jose/matrix-v2/internal/logic/system_tools/handlers.go:97.80,99.4 1 0
github.com/jose/matrix-v2/internal/logic/system_tools/handlers.go:100.3,100.42 1 0
github.com/jose/matrix-v2/internal/logic/system_tools/handlers.go:102.20,107.80 2 0
github.com/jose/matrix-v2/internal/logic/system_tools/handlers.go:107.80,109.4 1 0
github.com/jose/matrix-v2/internal/logic/system_tools/handlers.go:110.3,110.76 1 0
github.com/jose/matrix-v2/internal/logic/system_tools/handlers.go:110.76,112.4 1 0
github.com/jose/matrix-v2/internal/logic/system_tools/handlers.go:113.3,113.57 1 0
github.com/jose/matrix-v2/internal/logic/system_tools/handlers.go:115.10,116.61 1 0
github.com/jose/matrix-v2/internal/logic/system_tools/handlers.go:122.69,125.16 2 0
github.com/jose/matrix-v2/internal/logic/system_tools/handlers.go:125.16,127.3 1 0
github.com/jose/matrix-v2/internal/logic/system_tools/handlers.go:128.2,129.25 2 0
github.com/jose/matrix-v2/internal/logic/system_tools/handlers.go:129.25,130.22 1 0
github.com/jose/matrix-v2/internal/logic/system_tools/handlers.go:130.22,132.9 2 0
github.com/jose/matrix-v2/internal/logic/system_tools/handlers.go:136.2,136.12 1 0
github.com/jose/matrix-v2/internal/logic/system_tools/handlers.go:136.12,138.25 1 0
github.com/jose/matrix-v2/internal/logic/system_tools/handlers.go:138.25,140.62 2 0
github.com/jose/matrix-v2/internal/logic/system_tools/handlers.go:140.62,142.5 1 0
github.com/jose/matrix-v2/internal/logic/system_tools/handlers.go:143.9,145.4 1 0
github.com/jose/matrix-v2/internal/logic/system_tools/handlers.go:149.2,150.16 2 0
github.com/jose/matrix-v2/internal/logic/system_tools/handlers.go:150.16,152.3 1 0
github.com/jose/matrix-v2/internal/logic/system_tools/handlers.go:153.2,155.18 3 0
github.com/jose/matrix-v2/internal/logic/system_tools/handlers.go:155.18,157.3 1 0
github.com/jose/matrix-v2/internal/logic/system_tools/handlers.go:159.2,159.70 1 0
github.com/jose/matrix-v2/internal/logic/system_tools/handlers.go:159.70,161.3 1 0
github.com/jose/matrix-v2/internal/logic/system_tools/handlers.go:163.2,163.81 1 0
github.com/jose/matrix-v2/internal/logic/system_tools/handlers.go:166.63,168.16 2 0
github.com/jose/matrix-v2/internal/logic/system_tools/handlers.go:168.16,170.3 1 0
github.com/jose/matrix-v2/internal/logic/system_tools/handlers.go:171.2,173.70 3 0
github.com/jose/matrix-v2/internal/logic/system_tools/handlers.go:173.70,175.3 1 0
github.com/jose/matrix-v2/internal/logic/system_tools/handlers.go:177.2,177.69 1 0
github.com/jose/matrix-v2/internal/logic/daemon/auth_codec.go:24.76,25.29 1 0
github.com/jose/matrix-v2/internal/logic/daemon/auth_codec.go:25.29,29.3 3 0
github.com/jose/matrix-v2/internal/logic/daemon/auth_codec.go:30.2,31.38 2 0
[...]
github.com/jose/matrix-v2/internal/providers/agents/router.go:202.2,202.42 1 2
github.com/jose/matrix-v2/internal/providers/agents/router.go:208.105,212.55 2 2
github.com/jose/matrix-v2/internal/providers/agents/router.go:212.55,215.3 2 0
github.com/jose/matrix-v2/internal/providers/agents/router.go:218.2,222.61 3 2
github.com/jose/matrix-v2/internal/providers/agents/router.go:222.61,224.3 1 0
github.com/jose/matrix-v2/internal/providers/agents/router.go:227.2,230.16 3 2
github.com/jose/matrix-v2/internal/providers/agents/router.go:230.16,232.3 1 0
github.com/jose/matrix-v2/internal/providers/agents/router.go:233.2,235.23 3 2
github.com/jose/matrix-v2/internal/providers/agents/router.go:238.86,242.2 3 2
github.com/jose/matrix-v2/internal/providers/agents/router.go:244.92,246.41 2 4
github.com/jose/matrix-v2/internal/providers/agents/router.go:246.41,248.3 1 4
github.com/jose/matrix-v2/internal/providers/agents/router.go:249.2,249.21 1 0
github.com/jose/matrix-v2/internal/providers/agents/router.go:256.62,259.2 2 0
github.com/jose/matrix-v2/internal/providers/agents/router.go:261.114,263.16 2 2
github.com/jose/matrix-v2/internal/providers/agents/router.go:263.16,265.3 1 0
github.com/jose/matrix-v2/internal/providers/agents/router.go:266.2,274.16 3 2
github.com/jose/matrix-v2/internal/providers/agents/router.go:274.16,276.3 1 0
github.com/jose/matrix-v2/internal/providers/agents/router.go:278.2,280.19 3 2
github.com/jose/matrix-v2/internal/providers/agents/router.go:280.19,282.3 1 0
github.com/jose/matrix-v2/internal/providers/agents/router.go:283.2,296.16 4 2
github.com/jose/matrix-v2/internal/providers/agents/router.go:296.16,299.3 2 0
github.com/jose/matrix-v2/internal/providers/agents/router.go:300.2,300.35 1 2
github.com/jose/matrix-v2/internal/providers/agents/router.go:300.35,306.42 2 0
github.com/jose/matrix-v2/internal/providers/agents/router.go:306.42,308.45 2 0
github.com/jose/matrix-v2/internal/providers/agents/router.go:308.45,309.46 1 0
github.com/jose/matrix-v2/internal/providers/agents/router.go:309.46,312.69 3 0
github.com/jose/matrix-v2/internal/providers/agents/router.go:312.69,314.7 1 0
github.com/jose/matrix-v2/internal/providers/agents/router.go:314.12,316.7 1 0
github.com/jose/matrix-v2/internal/providers/agents/router.go:317.11,319.6 1 0
github.com/jose/matrix-v2/internal/providers/agents/router.go:323.2,323.33 1 2
github.com/jose/matrix-v2/internal/providers/agents/router.go:333.98,334.23 1 2
github.com/jose/matrix-v2/internal/providers/agents/router.go:335.12,337.78 2 1
github.com/jose/matrix-v2/internal/providers/agents/router.go:337.78,339.4 1 0
github.com/jose/matrix-v2/internal/providers/agents/router.go:340.3,340.35 1 1
github.com/jose/matrix-v2/internal/providers/agents/router.go:341.15,342.70 1 1
github.com/jose/matrix-v2/internal/providers/agents/router.go:343.14,344.45 1 0
github.com/jose/matrix-v2/internal/providers/agents/router.go:345.10,346.68 1 0
github.com/jose/matrix-v2/internal/providers/agents/router.go:364.73,368.36 3 3
github.com/jose/matrix-v2/internal/providers/agents/router.go:369.29,374.59 4 3
github.com/jose/matrix-v2/internal/providers/agents/router.go:374.59,379.4 1 0
github.com/jose/matrix-v2/internal/providers/agents/router.go:380.3,380.23 1 3
github.com/jose/matrix-v2/internal/providers/agents/router.go:380.23,381.11 1 3
github.com/jose/matrix-v2/internal/providers/agents/router.go:382.33,382.33 0 3
github.com/jose/matrix-v2/internal/providers/agents/router.go:383.12,383.12 0 0
github.com/jose/matrix-v2/internal/providers/agents/router.go:386.29,389.24 1 0
github.com/jose/matrix-v2/internal/providers/agents/router.go:389.24,394.4 1 0
github.com/jose/matrix-v2/internal/providers/agents/router.go:395.39,397.24 2 0
github.com/jose/matrix-v2/internal/providers/agents/router.go:397.24,399.56 2 0
github.com/jose/matrix-v2/internal/providers/agents/router.go:399.56,401.5 1 0
github.com/jose/matrix-v2/internal/providers/agents/router.go:402.4,405.6 1 0
github.com/jose/matrix-v2/internal/providers/agents/router.go:410.46,414.2 3 3
github.com/jose/matrix-v2/internal/providers/agents/router.go:417.46,421.2 3 3
github.com/jose/matrix-v2/internal/providers/agents/router.go:423.44,424.22 1 3
github.com/jose/matrix-v2/internal/providers/agents/router.go:424.22,426.3 1 3
github.com/jose/matrix-v2/internal/providers/agents/router.go:427.2,427.27 1 0
github.com/jose/matrix-v2/internal/providers/agents/router.go:432.37,434.2 1 3
github.com/jose/matrix-v2/internal/providers/agents/router.go:436.56,437.6 1 3
github.com/jose/matrix-v2/internal/providers/agents/router.go:437.6,439.18 2 3
github.com/jose/matrix-v2/internal/providers/agents/router.go:439.18,440.9 1 3
github.com/jose/matrix-v2/internal/providers/agents/router.go:443.3,444.19 2 0
github.com/jose/matrix-v2/internal/providers/agents/router.go:444.19,445.9 1 0
github.com/jose/matrix-v2/internal/providers/agents/router.go:447.3,448.16 2 0
github.com/jose/matrix-v2/internal/providers/agents/router.go:448.16,449.9 1 0
github.com/jose/matrix-v2/internal/providers/agents/router.go:451.3,452.21 2 0
github.com/jose/matrix-v2/internal/providers/agents/router.go:452.21,453.9 1 0
github.com/jose/matrix-v2/internal/providers/agents/router.go:455.3,455.43 1 0
github.com/jose/matrix-v2/internal/providers/agents/router.go:457.2,457.10 1 3
github.com/jose/matrix-v2/internal/providers/agents/router.go:462.76,463.22 1 3
github.com/jose/matrix-v2/internal/providers/agents/router.go:463.22,465.3 1 0
github.com/jose/matrix-v2/internal/providers/agents/router.go:467.2,470.6 3 3
github.com/jose/matrix-v2/internal/providers/agents/router.go:470.6,471.10 1 6
github.com/jose/matrix-v2/internal/providers/agents/router.go:472.21,473.10 1 0
github.com/jose/matrix-v2/internal/providers/agents/router.go:474.18,475.10 1 3
github.com/jose/matrix-v2/internal/providers/agents/router.go:476.20,477.21 1 3
github.com/jose/matrix-v2/internal/providers/agents/router.go:477.21,478.12 1 0
github.com/jose/matrix-v2/internal/providers/agents/router.go:479.20,479.20 0 0
github.com/jose/matrix-v2/internal/providers/agents/router.go:480.13,480.13 0 0
github.com/jose/matrix-v2/internal/providers/agents/router.go:483.4,483.21 1 3
github.com/jose/matrix-v2/internal/providers/agents/router.go:492.45,493.51 1 1
github.com/jose/matrix-v2/internal/providers/agents/router.go:493.51,495.3 1 0
github.com/jose/matrix-v2/internal/providers/agents/router.go:497.2,497.76 1 1
github.com/jose/matrix-v2/internal/providers/agents/router.go:500.150,509.16 4 3
github.com/jose/matrix-v2/internal/providers/agents/router.go:509.16,511.3 1 0
github.com/jose/matrix-v2/internal/providers/agents/router.go:512.2,517.62 2 3
github.com/jose/matrix-v2/internal/providers/agents/router.go:517.62,518.76 1 0
github.com/jose/matrix-v2/internal/providers/agents/router.go:518.76,520.4 1 0
github.com/jose/matrix-v2/internal/providers/agents/router.go:520.9,522.4 1 0
github.com/jose/matrix-v2/internal/providers/agents/router.go:525.2,525.35 1 3
github.com/jose/matrix-v2/internal/providers/agents/router.go:533.70,535.31 2 3
github.com/jose/matrix-v2/internal/providers/agents/router.go:535.31,536.42 1 0
github.com/jose/matrix-v2/internal/providers/agents/router.go:536.42,537.30 1 0
github.com/jose/matrix-v2/internal/providers/agents/router.go:537.30,538.35 1 0
github.com/jose/matrix-v2/internal/providers/agents/router.go:538.35,540.6 1 0
github.com/jose/matrix-v2/internal/providers/agents/router.go:544.2,544.23 1 3
github.com/jose/matrix-v2/internal/providers/agents/router.go:544.23,545.47 1 0
github.com/jose/matrix-v2/internal/providers/agents/router.go:545.47,547.4 1 0
github.com/jose/matrix-v2/internal/providers/agents/router.go:549.2,549.25 1 3
github.com/jose/matrix-v2/internal/providers/agents/router.go:549.25,551.3 1 3
github.com/jose/matrix-v2/internal/providers/agents/router.go:554.2,555.37 2 0
github.com/jose/matrix-v2/internal/providers/agents/router.go:555.37,556.32 1 0
github.com/jose/matrix-v2/internal/providers/agents/router.go:556.32,557.40 1 0
github.com/jose/matrix-v2/internal/providers/agents/router.go:557.40,559.5 1 0
github.com/jose/matrix-v2/internal/providers/agents/router.go:563.2,563.21 1 0
github.com/jose/matrix-v2/internal/providers/agents/router.go:575.160,579.30 2 3
github.com/jose/matrix-v2/internal/providers/agents/router.go:579.30,582.17 3 2
github.com/jose/matrix-v2/internal/providers/agents/router.go:582.17,584.4 1 0
github.com/jose/matrix-v2/internal/providers/agents/router.go:586.2,589.32 2 3
github.com/jose/matrix-v2/internal/providers/agents/router.go:589.32,592.3 2 0
github.com/jose/matrix-v2/internal/providers/agents/router.go:595.2,604.16 4 3
github.com/jose/matrix-v2/internal/providers/agents/router.go:604.16,606.62 1 1
github.com/jose/matrix-v2/internal/providers/agents/router.go:606.62,609.18 3 1
github.com/jose/matrix-v2/internal/providers/agents/router.go:609.18,611.5 1 0
github.com/jose/matrix-v2/internal/providers/agents/router.go:612.4,615.50 4 1
github.com/jose/matrix-v2/internal/providers/agents/router.go:618.2,618.16 1 3
github.com/jose/matrix-v2/internal/providers/agents/router.go:618.16,620.3 1 0
github.com/jose/matrix-v2/internal/providers/agents/router.go:623.2,628.62 5 3
github.com/jose/matrix-v2/internal/providers/agents/stdio_transport.go:25.119,27.18 2 1
github.com/jose/matrix-v2/internal/providers/agents/stdio_transport.go:27.18,29.3 1 0
github.com/jose/matrix-v2/internal/providers/agents/stdio_transport.go:31.2,32.16 2 1
github.com/jose/matrix-v2/internal/providers/agents/stdio_transport.go:32.16,34.3 1 0
github.com/jose/matrix-v2/internal/providers/agents/stdio_transport.go:36.2,37.16 2 1
github.com/jose/matrix-v2/internal/providers/agents/stdio_transport.go:37.16,39.3 1 0
github.com/jose/matrix-v2/internal/providers/agents/stdio_transport.go:42.2,43.16 2 1
github.com/jose/matrix-v2/internal/providers/agents/stdio_transport.go:43.16,45.3 1 0
github.com/jose/matrix-v2/internal/providers/agents/stdio_transport.go:46.2,46.12 1 1
github.com/jose/matrix-v2/internal/providers/agents/stdio_transport.go:46.12,48.22 2 1
github.com/jose/matrix-v2/internal/providers/agents/stdio_transport.go:48.22,50.4 1 0
github.com/jose/matrix-v2/internal/providers/agents/stdio_transport.go:53.2,53.36 1 1
github.com/jose/matrix-v2/internal/providers/agents/stdio_transport.go:53.36,55.3 1 0
github.com/jose/matrix-v2/internal/providers/agents/stdio_transport.go:57.2,67.12 4 1
github.com/jose/matrix-v2/internal/providers/agents/stdio_transport.go:67.12,71.3 3 1
github.com/jose/matrix-v2/internal/providers/agents/stdio_transport.go:73.2,73.15 1 1
github.com/jose/matrix-v2/internal/providers/agents/stdio_transport.go:78.74,82.16 3 3
github.com/jose/matrix-v2/internal/providers/agents/stdio_transport.go:82.16,84.3 1 0
github.com/jose/matrix-v2/internal/providers/agents/stdio_transport.go:85.2,85.12 1 3
github.com/jose/matrix-v2/internal/providers/agents/stdio_transport.go:89.71,92.16 2 5
github.com/jose/matrix-v2/internal/providers/agents/stdio_transport.go:92.16,94.3 1 0
github.com/jose/matrix-v2/internal/providers/agents/stdio_transport.go:97.2,97.48 1 4
github.com/jose/matrix-v2/internal/providers/agents/stdio_transport.go:97.48,99.3 1 4
github.com/jose/matrix-v2/internal/providers/agents/stdio_transport.go:100.2,100.48 1 4
github.com/jose/matrix-v2/internal/providers/agents/stdio_transport.go:100.48,102.3 1 0
github.com/jose/matrix-v2/internal/providers/agents/stdio_transport.go:104.2,104.18 1 4
github.com/jose/matrix-v2/internal/providers/agents/stdio_transport.go:109.40,116.2 6 0
github.com/jose/matrix-v2/internal/providers/agents/unix_transport.go:22.87,25.16 3 0
github.com/jose/matrix-v2/internal/providers/agents/unix_transport.go:25.16,27.3 1 0
github.com/jose/matrix-v2/internal/providers/agents/unix_transport.go:29.2,32.8 1 0
github.com/jose/matrix-v2/internal/providers/agents/unix_transport.go:37.73,43.16 5 0
github.com/jose/matrix-v2/internal/providers/agents/unix_transport.go:43.16,45.3 1 0
github.com/jose/matrix-v2/internal/providers/agents/unix_transport.go:46.2,46.12 1 0
github.com/jose/matrix-v2/internal/providers/agents/unix_transport.go:51.70,58.12 3 0
github.com/jose/matrix-v2/internal/providers/agents/unix_transport.go:58.12,60.17 2 0
github.com/jose/matrix-v2/internal/providers/agents/unix_transport.go:60.17,63.4 2 0
github.com/jose/matrix-v2/internal/providers/agents/unix_transport.go:65.3,66.30 2 0
github.com/jose/matrix-v2/internal/providers/agents/unix_transport.go:69.2,69.9 1 0
github.com/jose/matrix-v2/internal/providers/agents/unix_transport.go:70.20,74.24 3 0
github.com/jose/matrix-v2/internal/providers/agents/unix_transport.go:75.22,76.24 1 0
github.com/jose/matrix-v2/internal/providers/agents/unix_transport.go:76.24,78.4 1 0
github.com/jose/matrix-v2/internal/providers/agents/unix_transport.go:79.3,79.26 1 0
github.com/jose/matrix-v2/internal/providers/agents/unix_transport.go:84.39,86.2 1 0
github.com/jose/matrix-v2/internal/providers/agents/ws_transport.go:19.76,22.37 3 1
github.com/jose/matrix-v2/internal/providers/agents/ws_transport.go:22.37,23.16 1 1
github.com/jose/matrix-v2/internal/providers/agents/ws_transport.go:23.16,23.41 1 1
github.com/jose/matrix-v2/internal/providers/agents/ws_transport.go:25.2,25.16 1 1
github.com/jose/matrix-v2/internal/providers/agents/ws_transport.go:25.16,26.18 1 0
github.com/jose/matrix-v2/internal/providers/agents/ws_transport.go:26.18,28.4 1 0
github.com/jose/matrix-v2/internal/providers/agents/ws_transport.go:29.3,29.69 1 0
github.com/jose/matrix-v2/internal/providers/agents/ws_transport.go:32.2,34.8 1 1
github.com/jose/matrix-v2/internal/providers/agents/ws_transport.go:38.71,42.16 4 3
github.com/jose/matrix-v2/internal/providers/agents/ws_transport.go:42.16,44.3 1 0
github.com/jose/matrix-v2/internal/providers/agents/ws_transport.go:45.2,45.12 1 3
github.com/jose/matrix-v2/internal/providers/agents/ws_transport.go:49.68,57.12 3 5
github.com/jose/matrix-v2/internal/providers/agents/ws_transport.go:57.12,60.3 2 5
github.com/jose/matrix-v2/internal/providers/agents/ws_transport.go:62.2,62.9 1 5
github.com/jose/matrix-v2/internal/providers/agents/ws_transport.go:63.20,67.24 3 0
github.com/jose/matrix-v2/internal/providers/agents/ws_transport.go:68.22,69.24 1 4
github.com/jose/matrix-v2/internal/providers/agents/ws_transport.go:69.24,71.4 1 0
github.com/jose/matrix-v2/internal/providers/agents/ws_transport.go:72.3,72.91 1 4
github.com/jose/matrix-v2/internal/providers/agents/ws_transport.go:72.91,74.4 1 0
github.com/jose/matrix-v2/internal/providers/agents/ws_transport.go:75.3,75.26 1 4
github.com/jose/matrix-v2/internal/providers/agents/ws_transport.go:80.37,84.72 4 0
github.com/jose/matrix-v2/internal/providers/agents/ws_transport.go:84.72,86.3 1 0
github.com/jose/matrix-v2/internal/providers/agents/ws_transport.go:87.2,87.23 1 0
github.com/jose/matrix-v2/internal/providers/network/tcp_provider.go:33.30,42.2 1 9
github.com/jose/matrix-v2/internal/providers/network/tcp_provider.go:46.78,48.16 2 2
github.com/jose/matrix-v2/internal/providers/network/tcp_provider.go:48.16,50.3 1 0
github.com/jose/matrix-v2/internal/providers/network/tcp_provider.go:52.2,53.16 2 2
github.com/jose/matrix-v2/internal/providers/network/tcp_provider.go:53.16,55.3 1 0
github.com/jose/matrix-v2/internal/providers/network/tcp_provider.go:56.2,56.15 1 2
github.com/jose/matrix-v2/internal/providers/network/tcp_provider.go:56.15,56.40 1 2
github.com/jose/matrix-v2/internal/providers/network/tcp_provider.go:58.2,58.38 1 2
github.com/jose/matrix-v2/internal/providers/network/tcp_provider.go:58.38,60.3 1 1
github.com/jose/matrix-v2/internal/providers/network/tcp_provider.go:63.2,64.47 2 1
github.com/jose/matrix-v2/internal/providers/network/tcp_provider.go:64.47,66.3 1 0
github.com/jose/matrix-v2/internal/providers/network/tcp_provider.go:68.2,69.16 2 1
github.com/jose/matrix-v2/internal/providers/network/tcp_provider.go:69.16,71.3 1 0
github.com/jose/matrix-v2/internal/providers/network/tcp_provider.go:72.2,72.15 1 1
github.com/jose/matrix-v2/internal/providers/network/tcp_provider.go:72.15,72.34 1 1
github.com/jose/matrix-v2/internal/providers/network/tcp_provider.go:74.2,74.51 1 1
github.com/jose/matrix-v2/internal/providers/network/tcp_provider.go:74.51,76.3 1 0
github.com/jose/matrix-v2/internal/providers/network/tcp_provider.go:77.2,77.19 1 1
github.com/jose/matrix-v2/internal/providers/network/tcp_provider.go:81.89,83.16 2 0
github.com/jose/matrix-v2/internal/providers/network/tcp_provider.go:83.16,85.3 1 0
github.com/jose/matrix-v2/internal/providers/network/tcp_provider.go:87.2,88.16 2 0
github.com/jose/matrix-v2/internal/providers/network/tcp_provider.go:88.16,90.3 1 0
github.com/jose/matrix-v2/internal/providers/network/tcp_provider.go:91.2,91.15 1 0
github.com/jose/matrix-v2/internal/providers/network/tcp_provider.go:91.15,91.40 1 0
github.com/jose/matrix-v2/internal/providers/network/tcp_provider.go:93.2,93.38 1 0
github.com/jose/matrix-v2/internal/providers/network/tcp_provider.go:93.38,95.3 1 0
github.com/jose/matrix-v2/internal/providers/network/tcp_provider.go:97.2,97.50 1 0
github.com/jose/matrix-v2/internal/providers/network/tcp_provider.go:101.89,103.2 1 1
github.com/jose/matrix-v2/internal/providers/network/tcp_provider.go:106.47,108.16 2 1
github.com/jose/matrix-v2/internal/providers/network/tcp_provider.go:108.16,110.3 1 0
github.com/jose/matrix-v2/internal/providers/network/tcp_provider.go:111.2,112.16 2 1
github.com/jose/matrix-v2/internal/providers/network/tcp_provider.go:112.16,114.3 1 0
github.com/jose/matrix-v2/internal/providers/network/tcp_provider.go:115.2,115.15 1 1
github.com/jose/matrix-v2/internal/providers/network/tcp_provider.go:115.15,115.32 1 1
github.com/jose/matrix-v2/internal/providers/network/tcp_provider.go:116.2,117.9 2 1
github.com/jose/matrix-v2/internal/providers/network/tcp_provider.go:117.9,119.3 1 0
github.com/jose/matrix-v2/internal/providers/network/tcp_provider.go:120.2,120.26 1 1
github.com/jose/matrix-v2/internal/providers/network/tcp_provider.go:124.75,126.16 2 2
github.com/jose/matrix-v2/internal/providers/network/tcp_provider.go:126.16,128.3 1 0
github.com/jose/matrix-v2/internal/providers/network/tcp_provider.go:130.2,131.16 2 2
github.com/jose/matrix-v2/internal/providers/network/tcp_provider.go:131.16,133.3 1 0
github.com/jose/matrix-v2/internal/providers/network/tcp_provider.go:134.2,134.15 1 2
github.com/jose/matrix-v2/internal/providers/network/tcp_provider.go:134.15,134.40 1 2
github.com/jose/matrix-v2/internal/providers/network/tcp_provider.go:136.2,136.38 1 2
github.com/jose/matrix-v2/internal/providers/network/tcp_provider.go:136.38,138.3 1 1
github.com/jose/matrix-v2/internal/providers/network/tcp_provider.go:140.2,140.63 1 1
github.com/jose/matrix-v2/internal/providers/network/tcp_provider.go:144.101,146.16 2 1
github.com/jose/matrix-v2/internal/providers/network/tcp_provider.go:146.16,148.3 1 0
github.com/jose/matrix-v2/internal/providers/network/tcp_provider.go:150.2,151.16 2 1
github.com/jose/matrix-v2/internal/providers/network/tcp_provider.go:151.16,153.3 1 0
github.com/jose/matrix-v2/internal/providers/network/tcp_provider.go:154.2,157.16 3 1
github.com/jose/matrix-v2/internal/providers/network/tcp_provider.go:157.16,159.3 1 0
github.com/jose/matrix-v2/internal/providers/network/tcp_provider.go:160.2,160.15 1 1
github.com/jose/matrix-v2/internal/providers/network/tcp_provider.go:160.15,160.40 1 1
github.com/jose/matrix-v2/internal/providers/network/tcp_provider.go:162.2,163.16 2 1
github.com/jose/matrix-v2/internal/providers/network/tcp_provider.go:163.16,165.3 1 0
github.com/jose/matrix-v2/internal/providers/network/tcp_provider.go:166.2,166.35 1 1
github.com/jose/matrix-v2/internal/providers/network/tcp_provider.go:170.49,172.16 2 2
github.com/jose/matrix-v2/internal/providers/network/tcp_provider.go:172.16,174.3 1 1
github.com/jose/matrix-v2/internal/providers/network/tcp_provider.go:175.2,176.13 2 1
